[2025-08-06 09:51:17] This is codeql database create codeql-db --language=javascript --source-root /tmp/tmpjgssuuxs/repo --overwrite
[2025-08-06 09:51:17] Log file was started late.
[2025-08-06 09:51:17] [PROGRESS] database create> Initializing database at /home/saswath/unified-security-dashboard/backend/codeql-db.
[2025-08-06 09:51:17] Running plumbing command: codeql database init --overwrite --language=javascript --extractor-options-verbosity=1 --qlconfig-file=/home/saswath/unified-security-dashboard/backend/qlconfig.yml --source-root=/tmp/tmpjgssuuxs/repo --allow-missing-source-root=false --allow-already-existing -- /home/saswath/unified-security-dashboard/backend/codeql-db
[2025-08-06 09:51:17] Calling plumbing command: codeql resolve languages --extractor-options-verbosity=1 --format=betterjson
[2025-08-06 09:51:18] [DETAILS] resolve languages> Scanning for [codeql-extractor.yml] from /home/saswath/tools/codeql/.codeqlmanifest.json
[2025-08-06 09:51:18] [DETAILS] resolve languages> Parsing /home/saswath/tools/codeql/swift/codeql-extractor.yml.
[2025-08-06 09:51:18] [DETAILS] resolve languages> Parsing /home/saswath/tools/codeql/ruby/codeql-extractor.yml.
[2025-08-06 09:51:18] [DETAILS] resolve languages> Parsing /home/saswath/tools/codeql/javascript/codeql-extractor.yml.
[2025-08-06 09:51:18] [DETAILS] resolve languages> Parsing /home/saswath/tools/codeql/csharp/codeql-extractor.yml.
[2025-08-06 09:51:18] [DETAILS] resolve languages> Parsing /home/saswath/tools/codeql/xml/codeql-extractor.yml.
[2025-08-06 09:51:18] [DETAILS] resolve languages> Parsing /home/saswath/tools/codeql/python/codeql-extractor.yml.
[2025-08-06 09:51:18] [DETAILS] resolve languages> Parsing /home/saswath/tools/codeql/html/codeql-extractor.yml.
[2025-08-06 09:51:18] [DETAILS] resolve languages> Parsing /home/saswath/tools/codeql/yaml/codeql-extractor.yml.
[2025-08-06 09:51:18] [DETAILS] resolve languages> Parsing /home/saswath/tools/codeql/properties/codeql-extractor.yml.
[2025-08-06 09:51:18] [DETAILS] resolve languages> Parsing /home/saswath/tools/codeql/cpp/codeql-extractor.yml.
[2025-08-06 09:51:18] [DETAILS] resolve languages> Parsing /home/saswath/tools/codeql/java/codeql-extractor.yml.
[2025-08-06 09:51:18] [DETAILS] resolve languages> Parsing /home/saswath/tools/codeql/csv/codeql-extractor.yml.
[2025-08-06 09:51:18] [DETAILS] resolve languages> Parsing /home/saswath/tools/codeql/rust/codeql-extractor.yml.
[2025-08-06 09:51:18] [DETAILS] resolve languages> Parsing /home/saswath/tools/codeql/go/codeql-extractor.yml.
[2025-08-06 09:51:18] [DETAILS] resolve languages> Parsing /home/saswath/tools/codeql/actions/codeql-extractor.yml.
[2025-08-06 09:51:18] Plumbing command codeql resolve languages completed:
                      {
                        "aliases" : {
                          "c" : "cpp",
                          "c++" : "cpp",
                          "c-c++" : "cpp",
                          "c-cpp" : "cpp",
                          "c#" : "csharp",
                          "java-kotlin" : "java",
                          "kotlin" : "java",
                          "javascript-typescript" : "javascript",
                          "typescript" : "javascript"
                        },
                        "extractors" : {
                          "swift" : [
                            {
                              "extractor_root" : "/home/saswath/tools/codeql/swift"
                            }
                          ],
                          "ruby" : [
                            {
                              "extractor_root" : "/home/saswath/tools/codeql/ruby",
                              "extractor_options" : {
                                "trap" : {
                                  "title" : "Options pertaining to TRAP.",
                                  "description" : "Options pertaining to TRAP.",
                                  "type" : "object",
                                  "properties" : {
                                    "compression" : {
                                      "title" : "Controls compression for the TRAP files written by the extractor.",
                                      "description" : "This option is only intended for use in debugging the extractor. Accepted values are 'gzip' (the default, to write gzip-compressed TRAP) 'zstd' (to write Zstandard-compressed TRAP) and 'none' (to write uncompressed TRAP).\n",
                                      "type" : "string",
                                      "pattern" : "^(none|gzip|zstd)$"
                                    }
                                  }
                                }
                              }
                            }
                          ],
                          "javascript" : [
                            {
                              "extractor_root" : "/home/saswath/tools/codeql/javascript",
                              "extractor_options" : {
                                "skip_types" : {
                                  "title" : "Skip type extraction for TypeScript",
                                  "description" : "Whether to skip the extraction of types in a TypeScript application",
                                  "type" : "string",
                                  "pattern" : "^(false|true)$"
                                }
                              }
                            }
                          ],
                          "csharp" : [
                            {
                              "extractor_root" : "/home/saswath/tools/codeql/csharp",
                              "extractor_options" : {
                                "trap" : {
                                  "title" : "Options pertaining to TRAP.",
                                  "description" : "Options pertaining to TRAP.",
                                  "type" : "object",
                                  "properties" : {
                                    "compression" : {
                                      "title" : "Controls compression for the TRAP files written by the extractor.",
                                      "description" : "This option is only intended for use in debugging the extractor. Accepted values are 'brotli' (the default, to write brotli-compressed TRAP), 'gzip', and 'none' (to write uncompressed TRAP).\n",
                                      "type" : "string",
                                      "pattern" : "^(none|gzip|brotli)$"
                                    }
                                  }
                                },
                                "buildless" : {
                                  "title" : "DEPRECATED - Whether to use buildless (standalone) extraction.",
                                  "description" : "DEPRECATED: Use `--build-mode none` instead.\nA value indicating, which type of extraction the autobuilder should perform. If 'true', then the standalone extractor will be used, otherwise tracing extraction will be performed. The default is 'false'. Note that buildless extraction will generally yield less accurate analysis results, and should only be used in cases where it is not possible to build the code (for example if it uses inaccessible dependencies).\n",
                                  "type" : "string",
                                  "pattern" : "^(false|true)$"
                                },
                                "logging" : {
                                  "title" : "Options pertaining to logging.",
                                  "description" : "Options pertaining to logging.",
                                  "type" : "object",
                                  "properties" : {
                                    "verbosity" : {
                                      "title" : "Extractor logging verbosity level.",
                                      "description" : "Controls the level of verbosity of the extractor. The supported levels are (in order of increasing verbosity):\n  - off\n  - errors\n  - warnings\n  - info or progress\n  - debug or progress+\n  - trace or progress++\n  - progress+++\n",
                                      "type" : "string",
                                      "pattern" : "^(off|errors|warnings|(info|progress)|(debug|progress\\+)|(trace|progress\\+\\+)|progress\\+\\+\\+)$"
                                    }
                                  }
                                },
                                "binlog" : {
                                  "title" : "Binlog",
                                  "description" : "[EXPERIMENTAL] The value is a path to the MsBuild binary log file that should be extracted. This option only works when `--build-mode none` is also specified.\n",
                                  "type" : "array"
                                }
                              }
                            }
                          ],
                          "xml" : [
                            {
                              "extractor_root" : "/home/saswath/tools/codeql/xml"
                            }
                          ],
                          "python" : [
                            {
                              "extractor_root" : "/home/saswath/tools/codeql/python",
                              "extractor_options" : {
                                "logging" : {
                                  "title" : "Options pertaining to logging.",
                                  "description" : "Options pertaining to logging.",
                                  "type" : "object",
                                  "properties" : {
                                    "verbosity" : {
                                      "title" : "Python extractor logging verbosity level.",
                                      "description" : "Controls the level of verbosity of the CodeQL Python extractor.\nThe supported levels are (in order of increasing verbosity):\n\n  - off\n  - errors\n  - warnings\n  - info or progress\n  - debug or progress+\n  - trace or progress++\n  - progress+++\n",
                                      "type" : "string",
                                      "pattern" : "^(off|errors|warnings|(info|progress)|(debug|progress\\+)|(trace|progress\\+\\+)|progress\\+\\+\\+)$"
                                    }
                                  }
                                },
                                "python_executable_name" : {
                                  "title" : "Controls the name of the Python executable used by the Python extractor.",
                                  "description" : "The Python extractor uses platform-dependent heuristics to determine the name of the Python executable to use. Specifying a value for this option overrides the name of the Python executable used by the extractor. Accepted values are py, python and python3. Use this setting with caution, the Python extractor requires Python 3 to run.\n",
                                  "type" : "string",
                                  "pattern" : "^(py|python|python3)$"
                                }
                              }
                            }
                          ],
                          "html" : [
                            {
                              "extractor_root" : "/home/saswath/tools/codeql/html"
                            }
                          ],
                          "yaml" : [
                            {
                              "extractor_root" : "/home/saswath/tools/codeql/yaml"
                            }
                          ],
                          "properties" : [
                            {
                              "extractor_root" : "/home/saswath/tools/codeql/properties"
                            }
                          ],
                          "cpp" : [
                            {
                              "extractor_root" : "/home/saswath/tools/codeql/cpp",
                              "extractor_options" : {
                                "scale_timeouts" : {
                                  "title" : "Value to scale compiler introspection timeouts with",
                                  "description" : "The extractor attempts to determine what compiler the source code being extracted is compiled with. To this end the extractor makes additional calls to the compiler, some of which are expected to return within a certain fixed time (either 10s or 15s). On some systems that are under high load this time might be too short, and can be scaled up using this option.\n",
                                  "type" : "string",
                                  "pattern" : "[0-9]+"
                                },
                                "log_verbosity" : {
                                  "title" : "Verbosity of the extractor logging",
                                  "description" : "Set the verbosity of the extractor logging to 'quiet' (0), 'normal' (1), 'chatty' (2), or 'noisy' (3). The default is 'normal'.\n",
                                  "type" : "string",
                                  "pattern" : "[0-3]"
                                }
                              }
                            }
                          ],
                          "java" : [
                            {
                              "extractor_root" : "/home/saswath/tools/codeql/java",
                              "extractor_options" : {
                                "exclude" : {
                                  "title" : "A glob excluding files from analysis.",
                                  "description" : "A glob indicating what files to exclude from the analysis. This accepts glob patterns that are supported by Java's 'getPathMatcher' implementation.\n",
                                  "type" : "string"
                                },
                                "add_prefer_source" : {
                                  "title" : "Whether to always prefer source files over class files.",
                                  "description" : "A value indicating whether source files should be preferred over class files. If set to 'true', the extraction adds '-Xprefer:source' to the javac command line. If set to 'false', the extraction uses the default javac behavior ('-Xprefer:newer'). The default is 'true'.\n",
                                  "type" : "string",
                                  "pattern" : "^(false|true)$"
                                },
                                "buildless" : {
                                  "title" : "Whether to use buildless (standalone) extraction (experimental).",
                                  "description" : "A value indicating, which type of extraction the autobuilder should perform. If 'true', then the standalone extractor will be used, otherwise tracing extraction will be performed. The default is 'false'. Note that buildless extraction will generally yield less accurate analysis results, and should only be used in cases where it is not possible to build the code (for example if it uses inaccessible dependencies).\n",
                                  "type" : "string",
                                  "pattern" : "^(false|true)$"
                                },
                                "buildless_dependency_dir" : {
                                  "title" : "The path where buildless (standalone) extraction should keep dependencies.",
                                  "description" : "If set, the buildless (standalone) extractor will store dependencies in this directory.\n",
                                  "type" : "string"
                                },
                                "minimize_dependency_jars" : {
                                  "title" : "Whether to rewrite and minimize downloaded JAR dependencies (experimental).",
                                  "description" : "If 'true', JAR dependencies downloaded during extraction will be rewritten to remove unneeded data, such as method bodies. The default is 'false'.\n",
                                  "type" : "string",
                                  "pattern" : "^(false|true)$"
                                }
                              }
                            }
                          ],
                          "csv" : [
                            {
                              "extractor_root" : "/home/saswath/tools/codeql/csv"
                            }
                          ],
                          "rust" : [
                            {
                              "extractor_root" : "/home/saswath/tools/codeql/rust",
                              "extractor_options" : {
                                "trap" : {
                                  "title" : "Options pertaining to TRAP.",
                                  "description" : "Options pertaining to TRAP.",
                                  "type" : "object",
                                  "properties" : {
                                    "compression" : {
                                      "title" : "Controls compression for the TRAP files written by the extractor.",
                                      "description" : "This option is only intended for use in debugging the extractor. Accepted values are 'gzip' (to write gzip-compressed TRAP) 'zstd' (to write Zstandard-compressed TRAP) and 'none' (the default, to write uncompressed TRAP).\n",
                                      "type" : "string",
                                      "pattern" : "^(none|gzip|zstd)$"
                                    }
                                  }
                                },
                                "cargo_target_dir" : {
                                  "title" : "Directory to use for cargo output files.",
                                  "description" : "This value is an optional path to use as `CARGO_TARGET_DIR` for the internal cargo commands the extractor uses. Pointing it to a persistent directory may reduce execution time of consecutive extractor runs. By default, a new scratch directory is used for each run.\n",
                                  "type" : "string"
                                },
                                "cargo_target" : {
                                  "title" : "Target architecture",
                                  "description" : "Target architecture to use for analysis, analogous to `cargo --target`. By default the host architecture is used.\n",
                                  "type" : "string"
                                },
                                "cargo_features" : {
                                  "title" : "Cargo features to turn on",
                                  "description" : "Comma-separated list of features to turn on. By default all features are enabled. If any features are specified, then only those features are enabled. The `default` feature must be explicitly specified if only default features are desired. Can be repeated.\n",
                                  "type" : "array"
                                },
                                "cargo_cfg_overrides" : {
                                  "title" : "Cargo cfg overrides",
                                  "description" : "Comma-separated list of cfg settings to enable, or disable if prefixed with `-`. Can be repeated.\n",
                                  "type" : "array"
                                },
                                "logging" : {
                                  "title" : "Options pertaining to logging.",
                                  "description" : "Options pertaining to logging.",
                                  "type" : "object",
                                  "properties" : {
                                    "verbosity" : {
                                      "title" : "Extractor logging verbosity level.",
                                      "description" : "Controls the level of verbosity of the extractor. The supported levels are (in order of increasing verbosity):\n  - off\n  - errors\n  - warnings\n  - info or progress\n  - debug or progress+\n  - trace or progress++\n  - progress+++\n",
                                      "type" : "string",
                                      "pattern" : "^(off|errors|warnings|(info|progress)|(debug|progress\\+)|(trace|progress\\+\\+)|progress\\+\\+\\+)$"
                                    },
                                    "flamegraph" : {
                                      "title" : "[Experimental] File path for write flame graph log",
                                      "description" : "Collect flame graph data using the `tracing-flame` crate. To render a flame graph or chart, run the `inferno-flamegraph` command. See also: https://crates.io/crates/tracing-flame\n",
                                      "type" : "string"
                                    }
                                  }
                                },
                                "skip_path_resolution" : {
                                  "title" : "Skip path resolution",
                                  "description" : "Skip path resolution. This is experimental, while we move path resolution from the extractor to the QL library.\n",
                                  "type" : "string",
                                  "pattern" : "^(false|true)$"
                                },
                                "extract_dependencies_as_source" : {
                                  "title" : "Extract dependencies as source code",
                                  "description" : "Extract the full source code of dependencies instead of only extracting signatures.\n",
                                  "type" : "string",
                                  "pattern" : "^(false|true)$"
                                }
                              }
                            }
                          ],
                          "go" : [
                            {
                              "extractor_root" : "/home/saswath/tools/codeql/go",
                              "extractor_options" : {
                                "extract_tests" : {
                                  "title" : "Whether to include Go test files in the CodeQL database.",
                                  "description" : "A value indicating whether Go test files should be included in the CodeQL database. The default is 'false'.\n",
                                  "type" : "string",
                                  "pattern" : "^(false|true)$"
                                },
                                "extract_vendor_dirs" : {
                                  "title" : "Whether to include Go vendor directories in the CodeQL database.",
                                  "description" : "A value indicating whether Go vendor directories should be included in the CodeQL database. The default is 'false'.\n",
                                  "type" : "string",
                                  "pattern" : "^(false|true)$"
                                }
                              }
                            }
                          ],
                          "actions" : [
                            {
                              "extractor_root" : "/home/saswath/tools/codeql/actions",
                              "extractor_options" : { }
                            }
                          ]
                        }
                      }
[2025-08-06 09:51:18] [PROGRESS] database init> Calculating baseline information in /tmp/tmpjgssuuxs/repo
[2025-08-06 09:51:18] [SPAMMY] database init> Ignoring the following directories when processing baseline information: .git, .hg, .svn.
[2025-08-06 09:51:18] [DETAILS] database init> Running command in /tmp/tmpjgssuuxs/repo: /home/saswath/tools/codeql/tools/linux64/scc --by-file --exclude-dir .git,.hg,.svn --format json --no-large --no-min .
[2025-08-06 09:51:18] Using configure-baseline script /home/saswath/tools/codeql/javascript/tools/configure-baseline.sh.
[2025-08-06 09:51:18] [PROGRESS] database init> Running command in /tmp/tmpjgssuuxs/repo: [/home/saswath/tools/codeql/javascript/tools/configure-baseline.sh]
[2025-08-06 09:51:18] [SPAMMY] database init> Found 1 baseline files for javascript.
[2025-08-06 09:51:18] [PROGRESS] database init> Calculated baseline information for languages: javascript (64ms).
[2025-08-06 09:51:18] [PROGRESS] database init> Resolving extractor javascript.
[2025-08-06 09:51:18] [DETAILS] database init> Found candidate extractor root for javascript: /home/saswath/tools/codeql/javascript.
[2025-08-06 09:51:18] [PROGRESS] database init> Successfully loaded extractor JavaScript/TypeScript (javascript) from /home/saswath/tools/codeql/javascript.
[2025-08-06 09:51:18] [PROGRESS] database init> Created skeleton CodeQL database at /home/saswath/unified-security-dashboard/backend/codeql-db. This in-progress database is ready to be populated by an extractor.
[2025-08-06 09:51:18] Plumbing command codeql database init completed.
[2025-08-06 09:51:18] [PROGRESS] database create> Running build command: []
[2025-08-06 09:51:18] Running plumbing command: codeql database trace-command --working-dir=/tmp/tmpjgssuuxs/repo --index-traceless-dbs --no-db-cluster -- /home/saswath/unified-security-dashboard/backend/codeql-db
[2025-08-06 09:51:18] Using autobuild script /home/saswath/tools/codeql/javascript/tools/autobuild.sh.
[2025-08-06 09:51:18] [PROGRESS] database trace-command> Running command in /tmp/tmpjgssuuxs/repo: [/home/saswath/tools/codeql/javascript/tools/autobuild.sh]
[2025-08-06 09:51:18] [build-stdout] Single-threaded extraction.
[2025-08-06 09:51:19] [build-stdout] Extracting /tmp/tmpjgssuuxs/repo/index.js
[2025-08-06 09:51:19] [build-stdout] Done extracting /tmp/tmpjgssuuxs/repo/index.js (164 ms)
[2025-08-06 09:51:19] [build-stdout] Extracting /tmp/tmpjgssuuxs/repo/package.json
[2025-08-06 09:51:19] [build-stdout] Done extracting /tmp/tmpjgssuuxs/repo/package.json (3 ms)
[2025-08-06 09:51:19] [build-stderr] No externs trap cache found
[2025-08-06 09:51:19] [build-stdout] Extracting /home/saswath/tools/codeql/javascript/tools/data/externs/nodejs/child_process.js
[2025-08-06 09:51:19] [build-stdout] Done extracting /home/saswath/tools/codeql/javascript/tools/data/externs/nodejs/child_process.js (100 ms)
[2025-08-06 09:51:19] [build-stdout] Extracting /home/saswath/tools/codeql/javascript/tools/data/externs/nodejs/zlib.js
[2025-08-06 09:51:19] [build-stdout] Done extracting /home/saswath/tools/codeql/javascript/tools/data/externs/nodejs/zlib.js (43 ms)
[2025-08-06 09:51:19] [build-stdout] Extracting /home/saswath/tools/codeql/javascript/tools/data/externs/nodejs/crypto.js
[2025-08-06 09:51:19] [build-stdout] Done extracting /home/saswath/tools/codeql/javascript/tools/data/externs/nodejs/crypto.js (92 ms)
[2025-08-06 09:51:19] [build-stdout] Extracting /home/saswath/tools/codeql/javascript/tools/data/externs/nodejs/url.js
[2025-08-06 09:51:19] [build-stdout] Done extracting /home/saswath/tools/codeql/javascript/tools/data/externs/nodejs/url.js (8 ms)
[2025-08-06 09:51:19] [build-stdout] Extracting /home/saswath/tools/codeql/javascript/tools/data/externs/nodejs/console.js
[2025-08-06 09:51:19] [build-stdout] Done extracting /home/saswath/tools/codeql/javascript/tools/data/externs/nodejs/console.js (3 ms)
[2025-08-06 09:51:19] [build-stdout] Extracting /home/saswath/tools/codeql/javascript/tools/data/externs/nodejs/buffer.js
[2025-08-06 09:51:19] [build-stdout] Done extracting /home/saswath/tools/codeql/javascript/tools/data/externs/nodejs/buffer.js (13 ms)
[2025-08-06 09:51:19] [build-stdout] Extracting /home/saswath/tools/codeql/javascript/tools/data/externs/nodejs/os.js
[2025-08-06 09:51:19] [build-stdout] Done extracting /home/saswath/tools/codeql/javascript/tools/data/externs/nodejs/os.js (21 ms)
[2025-08-06 09:51:19] [build-stdout] Extracting /home/saswath/tools/codeql/javascript/tools/data/externs/nodejs/events.js
[2025-08-06 09:51:19] [build-stdout] Done extracting /home/saswath/tools/codeql/javascript/tools/data/externs/nodejs/events.js (17 ms)
[2025-08-06 09:51:19] [build-stdout] Extracting /home/saswath/tools/codeql/javascript/tools/data/externs/nodejs/v8.js
[2025-08-06 09:51:19] [build-stdout] Done extracting /home/saswath/tools/codeql/javascript/tools/data/externs/nodejs/v8.js (9 ms)
[2025-08-06 09:51:19] [build-stdout] Extracting /home/saswath/tools/codeql/javascript/tools/data/externs/nodejs/dns.js
[2025-08-06 09:51:19] [build-stdout] Done extracting /home/saswath/tools/codeql/javascript/tools/data/externs/nodejs/dns.js (29 ms)
[2025-08-06 09:51:19] [build-stdout] Extracting /home/saswath/tools/codeql/javascript/tools/data/externs/nodejs/domain.js
[2025-08-06 09:51:19] [build-stdout] Done extracting /home/saswath/tools/codeql/javascript/tools/data/externs/nodejs/domain.js (9 ms)
[2025-08-06 09:51:19] [build-stdout] Extracting /home/saswath/tools/codeql/javascript/tools/data/externs/nodejs/tty.js
[2025-08-06 09:51:19] [build-stdout] Done extracting /home/saswath/tools/codeql/javascript/tools/data/externs/nodejs/tty.js (9 ms)
[2025-08-06 09:51:19] [build-stdout] Extracting /home/saswath/tools/codeql/javascript/tools/data/externs/nodejs/process.js
[2025-08-06 09:51:19] [build-stdout] Done extracting /home/saswath/tools/codeql/javascript/tools/data/externs/nodejs/process.js (4 ms)
[2025-08-06 09:51:19] [build-stdout] Extracting /home/saswath/tools/codeql/javascript/tools/data/externs/nodejs/vm.js
[2025-08-06 09:51:19] [build-stdout] Done extracting /home/saswath/tools/codeql/javascript/tools/data/externs/nodejs/vm.js (17 ms)
[2025-08-06 09:51:19] [build-stdout] Extracting /home/saswath/tools/codeql/javascript/tools/data/externs/nodejs/querystring.js
[2025-08-06 09:51:19] [build-stdout] Done extracting /home/saswath/tools/codeql/javascript/tools/data/externs/nodejs/querystring.js (11 ms)
[2025-08-06 09:51:19] [build-stdout] Extracting /home/saswath/tools/codeql/javascript/tools/data/externs/nodejs/assert.js
[2025-08-06 09:51:19] [build-stdout] Done extracting /home/saswath/tools/codeql/javascript/tools/data/externs/nodejs/assert.js (14 ms)
[2025-08-06 09:51:19] [build-stdout] Extracting /home/saswath/tools/codeql/javascript/tools/data/externs/nodejs/globals.js
[2025-08-06 09:51:19] [build-stdout] Done extracting /home/saswath/tools/codeql/javascript/tools/data/externs/nodejs/globals.js (127 ms)
[2025-08-06 09:51:19] [build-stdout] Extracting /home/saswath/tools/codeql/javascript/tools/data/externs/nodejs/assert_legacy.js
[2025-08-06 09:51:19] [build-stdout] Done extracting /home/saswath/tools/codeql/javascript/tools/data/externs/nodejs/assert_legacy.js (3 ms)
[2025-08-06 09:51:19] [build-stdout] Extracting /home/saswath/tools/codeql/javascript/tools/data/externs/nodejs/path.js
[2025-08-06 09:51:19] [build-stdout] Done extracting /home/saswath/tools/codeql/javascript/tools/data/externs/nodejs/path.js (25 ms)
[2025-08-06 09:51:19] [build-stdout] Extracting /home/saswath/tools/codeql/javascript/tools/data/externs/nodejs/stream.js
[2025-08-06 09:51:19] [build-stdout] Done extracting /home/saswath/tools/codeql/javascript/tools/data/externs/nodejs/stream.js (58 ms)
[2025-08-06 09:51:19] [build-stdout] Extracting /home/saswath/tools/codeql/javascript/tools/data/externs/nodejs/constants.js
[2025-08-06 09:51:19] [build-stdout] Done extracting /home/saswath/tools/codeql/javascript/tools/data/externs/nodejs/constants.js (87 ms)
[2025-08-06 09:51:19] [build-stdout] Extracting /home/saswath/tools/codeql/javascript/tools/data/externs/nodejs/punycode.js
[2025-08-06 09:51:19] [build-stdout] Done extracting /home/saswath/tools/codeql/javascript/tools/data/externs/nodejs/punycode.js (5 ms)
[2025-08-06 09:51:19] [build-stdout] Extracting /home/saswath/tools/codeql/javascript/tools/data/externs/nodejs/net.js
[2025-08-06 09:51:20] [build-stdout] Done extracting /home/saswath/tools/codeql/javascript/tools/data/externs/nodejs/net.js (27 ms)
[2025-08-06 09:51:20] [build-stdout] Extracting /home/saswath/tools/codeql/javascript/tools/data/externs/nodejs/https.js
[2025-08-06 09:51:20] [build-stdout] Done extracting /home/saswath/tools/codeql/javascript/tools/data/externs/nodejs/https.js (15 ms)
[2025-08-06 09:51:20] [build-stdout] Extracting /home/saswath/tools/codeql/javascript/tools/data/externs/nodejs/tls.js
[2025-08-06 09:51:20] [build-stdout] Done extracting /home/saswath/tools/codeql/javascript/tools/data/externs/nodejs/tls.js (30 ms)
[2025-08-06 09:51:20] [build-stdout] Extracting /home/saswath/tools/codeql/javascript/tools/data/externs/nodejs/module.js
[2025-08-06 09:51:20] [build-stdout] Done extracting /home/saswath/tools/codeql/javascript/tools/data/externs/nodejs/module.js (4 ms)
[2025-08-06 09:51:20] [build-stdout] Extracting /home/saswath/tools/codeql/javascript/tools/data/externs/nodejs/timers.js
[2025-08-06 09:51:20] [build-stdout] Done extracting /home/saswath/tools/codeql/javascript/tools/data/externs/nodejs/timers.js (7 ms)
[2025-08-06 09:51:20] [build-stdout] Extracting /home/saswath/tools/codeql/javascript/tools/data/externs/nodejs/http.js
[2025-08-06 09:51:20] [build-stdout] Done extracting /home/saswath/tools/codeql/javascript/tools/data/externs/nodejs/http.js (34 ms)
[2025-08-06 09:51:20] [build-stdout] Extracting /home/saswath/tools/codeql/javascript/tools/data/externs/nodejs/dgram.js
[2025-08-06 09:51:20] [build-stdout] Done extracting /home/saswath/tools/codeql/javascript/tools/data/externs/nodejs/dgram.js (11 ms)
[2025-08-06 09:51:20] [build-stdout] Extracting /home/saswath/tools/codeql/javascript/tools/data/externs/nodejs/sys.js
[2025-08-06 09:51:20] [build-stdout] Done extracting /home/saswath/tools/codeql/javascript/tools/data/externs/nodejs/sys.js (2 ms)
[2025-08-06 09:51:20] [build-stdout] Extracting /home/saswath/tools/codeql/javascript/tools/data/externs/nodejs/repl.js
[2025-08-06 09:51:20] [build-stdout] Done extracting /home/saswath/tools/codeql/javascript/tools/data/externs/nodejs/repl.js (19 ms)
[2025-08-06 09:51:20] [build-stdout] Extracting /home/saswath/tools/codeql/javascript/tools/data/externs/nodejs/readline.js
[2025-08-06 09:51:20] [build-stdout] Done extracting /home/saswath/tools/codeql/javascript/tools/data/externs/nodejs/readline.js (14 ms)
[2025-08-06 09:51:20] [build-stdout] Extracting /home/saswath/tools/codeql/javascript/tools/data/externs/nodejs/fs.js
[2025-08-06 09:51:20] [build-stdout] Done extracting /home/saswath/tools/codeql/javascript/tools/data/externs/nodejs/fs.js (92 ms)
[2025-08-06 09:51:20] [build-stdout] Extracting /home/saswath/tools/codeql/javascript/tools/data/externs/nodejs/string_decoder.js
[2025-08-06 09:51:20] [build-stdout] Done extracting /home/saswath/tools/codeql/javascript/tools/data/externs/nodejs/string_decoder.js (4 ms)
[2025-08-06 09:51:20] [build-stdout] Extracting /home/saswath/tools/codeql/javascript/tools/data/externs/nodejs/cluster.js
[2025-08-06 09:51:20] [build-stdout] Done extracting /home/saswath/tools/codeql/javascript/tools/data/externs/nodejs/cluster.js (51 ms)
[2025-08-06 09:51:20] [build-stdout] Extracting /home/saswath/tools/codeql/javascript/tools/data/externs/nodejs/util.js
[2025-08-06 09:51:20] [build-stdout] Done extracting /home/saswath/tools/codeql/javascript/tools/data/externs/nodejs/util.js (18 ms)
[2025-08-06 09:51:20] [build-stdout] Extracting /home/saswath/tools/codeql/javascript/tools/data/externs/vm/spidermonkey.js
[2025-08-06 09:51:20] [build-stdout] Done extracting /home/saswath/tools/codeql/javascript/tools/data/externs/vm/spidermonkey.js (2 ms)
[2025-08-06 09:51:20] [build-stdout] Extracting /home/saswath/tools/codeql/javascript/tools/data/externs/vm/rhino.js
[2025-08-06 09:51:20] [build-stdout] Done extracting /home/saswath/tools/codeql/javascript/tools/data/externs/vm/rhino.js (5 ms)
[2025-08-06 09:51:20] [build-stdout] Extracting /home/saswath/tools/codeql/javascript/tools/data/externs/vm/v8.js
[2025-08-06 09:51:20] [build-stdout] Done extracting /home/saswath/tools/codeql/javascript/tools/data/externs/vm/v8.js (7 ms)
[2025-08-06 09:51:20] [build-stdout] Extracting /home/saswath/tools/codeql/javascript/tools/data/externs/vm/jsshell.js
[2025-08-06 09:51:20] [build-stdout] Done extracting /home/saswath/tools/codeql/javascript/tools/data/externs/vm/jsshell.js (36 ms)
[2025-08-06 09:51:20] [build-stdout] Extracting /home/saswath/tools/codeql/javascript/tools/data/externs/es/es3.js
[2025-08-06 09:51:20] [build-stdout] Done extracting /home/saswath/tools/codeql/javascript/tools/data/externs/es/es3.js (87 ms)
[2025-08-06 09:51:20] [build-stdout] Extracting /home/saswath/tools/codeql/javascript/tools/data/externs/es/es6.js
[2025-08-06 09:51:20] [build-stdout] Done extracting /home/saswath/tools/codeql/javascript/tools/data/externs/es/es6.js (71 ms)
[2025-08-06 09:51:20] [build-stdout] Extracting /home/saswath/tools/codeql/javascript/tools/data/externs/es/es2017.js
[2025-08-06 09:51:20] [build-stdout] Done extracting /home/saswath/tools/codeql/javascript/tools/data/externs/es/es2017.js (3 ms)
[2025-08-06 09:51:20] [build-stdout] Extracting /home/saswath/tools/codeql/javascript/tools/data/externs/es/es6_collections.js
[2025-08-06 09:51:20] [build-stdout] Done extracting /home/saswath/tools/codeql/javascript/tools/data/externs/es/es6_collections.js (8 ms)
[2025-08-06 09:51:20] [build-stdout] Extracting /home/saswath/tools/codeql/javascript/tools/data/externs/es/intl.js
[2025-08-06 09:51:20] [build-stdout] Done extracting /home/saswath/tools/codeql/javascript/tools/data/externs/es/intl.js (10 ms)
[2025-08-06 09:51:20] [build-stdout] Extracting /home/saswath/tools/codeql/javascript/tools/data/externs/es/proxy.js
[2025-08-06 09:51:20] [build-stdout] Done extracting /home/saswath/tools/codeql/javascript/tools/data/externs/es/proxy.js (2 ms)
[2025-08-06 09:51:20] [build-stdout] Extracting /home/saswath/tools/codeql/javascript/tools/data/externs/es/es5.js
[2025-08-06 09:51:20] [build-stdout] Done extracting /home/saswath/tools/codeql/javascript/tools/data/externs/es/es5.js (10 ms)
[2025-08-06 09:51:20] [build-stdout] Extracting /home/saswath/tools/codeql/javascript/tools/data/externs/es/es2016.js
[2025-08-06 09:51:20] [build-stdout] Done extracting /home/saswath/tools/codeql/javascript/tools/data/externs/es/es2016.js (1 ms)
[2025-08-06 09:51:20] [build-stdout] Extracting /home/saswath/tools/codeql/javascript/tools/data/externs/lib/jquery-3.2.js
[2025-08-06 09:51:20] [build-stdout] Done extracting /home/saswath/tools/codeql/javascript/tools/data/externs/lib/jquery-3.2.js (117 ms)
[2025-08-06 09:51:20] [build-stdout] Extracting /home/saswath/tools/codeql/javascript/tools/data/externs/lib/should.js
[2025-08-06 09:51:20] [build-stdout] Done extracting /home/saswath/tools/codeql/javascript/tools/data/externs/lib/should.js (15 ms)
[2025-08-06 09:51:20] [build-stdout] Extracting /home/saswath/tools/codeql/javascript/tools/data/externs/lib/bdd.js
[2025-08-06 09:51:20] [build-stdout] Done extracting /home/saswath/tools/codeql/javascript/tools/data/externs/lib/bdd.js (5 ms)
[2025-08-06 09:51:20] [build-stdout] Extracting /home/saswath/tools/codeql/javascript/tools/data/externs/lib/vows.js
[2025-08-06 09:51:20] [build-stdout] Done extracting /home/saswath/tools/codeql/javascript/tools/data/externs/lib/vows.js (19 ms)
[2025-08-06 09:51:20] [build-stdout] Extracting /home/saswath/tools/codeql/javascript/tools/data/externs/web/html5.js
[2025-08-06 09:51:20] [build-stdout] Done extracting /home/saswath/tools/codeql/javascript/tools/data/externs/web/html5.js (162 ms)
[2025-08-06 09:51:20] [build-stdout] Extracting /home/saswath/tools/codeql/javascript/tools/data/externs/web/whatwg_encoding.js
[2025-08-06 09:51:20] [build-stdout] Done extracting /home/saswath/tools/codeql/javascript/tools/data/externs/web/whatwg_encoding.js (3 ms)
[2025-08-06 09:51:20] [build-stdout] Extracting /home/saswath/tools/codeql/javascript/tools/data/externs/web/webstorage.js
[2025-08-06 09:51:20] [build-stdout] Done extracting /home/saswath/tools/codeql/javascript/tools/data/externs/web/webstorage.js (4 ms)
[2025-08-06 09:51:20] [build-stdout] Extracting /home/saswath/tools/codeql/javascript/tools/data/externs/web/w3c_screen_orientation.js
[2025-08-06 09:51:20] [build-stdout] Done extracting /home/saswath/tools/codeql/javascript/tools/data/externs/web/w3c_screen_orientation.js (2 ms)
[2025-08-06 09:51:20] [build-stdout] Extracting /home/saswath/tools/codeql/javascript/tools/data/externs/web/w3c_anim_timing.js
[2025-08-06 09:51:20] [build-stdout] Done extracting /home/saswath/tools/codeql/javascript/tools/data/externs/web/w3c_anim_timing.js (4 ms)
[2025-08-06 09:51:20] [build-stdout] Extracting /home/saswath/tools/codeql/javascript/tools/data/externs/web/w3c_rtc.js
[2025-08-06 09:51:20] [build-stdout] Done extracting /home/saswath/tools/codeql/javascript/tools/data/externs/web/w3c_rtc.js (81 ms)
[2025-08-06 09:51:20] [build-stdout] Extracting /home/saswath/tools/codeql/javascript/tools/data/externs/web/url.js
[2025-08-06 09:51:20] [build-stdout] Done extracting /home/saswath/tools/codeql/javascript/tools/data/externs/web/url.js (6 ms)
[2025-08-06 09:51:20] [build-stdout] Extracting /home/saswath/tools/codeql/javascript/tools/data/externs/web/w3c_dom1.js
[2025-08-06 09:51:21] [build-stdout] Done extracting /home/saswath/tools/codeql/javascript/tools/data/externs/web/w3c_dom1.js (36 ms)
[2025-08-06 09:51:21] [build-stdout] Extracting /home/saswath/tools/codeql/javascript/tools/data/externs/web/w3c_serviceworker.js
[2025-08-06 09:51:21] [build-stdout] Done extracting /home/saswath/tools/codeql/javascript/tools/data/externs/web/w3c_serviceworker.js (24 ms)
[2025-08-06 09:51:21] [build-stdout] Extracting /home/saswath/tools/codeql/javascript/tools/data/externs/web/w3c_pointer_events.js
[2025-08-06 09:51:21] [build-stdout] Done extracting /home/saswath/tools/codeql/javascript/tools/data/externs/web/w3c_pointer_events.js (5 ms)
[2025-08-06 09:51:21] [build-stdout] Extracting /home/saswath/tools/codeql/javascript/tools/data/externs/web/fileapi.js
[2025-08-06 09:51:21] [build-stdout] Done extracting /home/saswath/tools/codeql/javascript/tools/data/externs/web/fileapi.js (33 ms)
[2025-08-06 09:51:21] [build-stdout] Extracting /home/saswath/tools/codeql/javascript/tools/data/externs/web/w3c_event.js
[2025-08-06 09:51:21] [build-stdout] Done extracting /home/saswath/tools/codeql/javascript/tools/data/externs/web/w3c_event.js (20 ms)
[2025-08-06 09:51:21] [build-stdout] Extracting /home/saswath/tools/codeql/javascript/tools/data/externs/web/w3c_elementtraversal.js
[2025-08-06 09:51:21] [build-stdout] Done extracting /home/saswath/tools/codeql/javascript/tools/data/externs/web/w3c_elementtraversal.js (8 ms)
[2025-08-06 09:51:21] [build-stdout] Extracting /home/saswath/tools/codeql/javascript/tools/data/externs/web/ie_vml.js
[2025-08-06 09:51:21] [build-stdout] Done extracting /home/saswath/tools/codeql/javascript/tools/data/externs/web/ie_vml.js (2 ms)
[2025-08-06 09:51:21] [build-stdout] Extracting /home/saswath/tools/codeql/javascript/tools/data/externs/web/webkit_notifications.js
[2025-08-06 09:51:21] [build-stdout] Done extracting /home/saswath/tools/codeql/javascript/tools/data/externs/web/webkit_notifications.js (10 ms)
[2025-08-06 09:51:21] [build-stdout] Extracting /home/saswath/tools/codeql/javascript/tools/data/externs/web/ie_event.js
[2025-08-06 09:51:21] [build-stdout] Done extracting /home/saswath/tools/codeql/javascript/tools/data/externs/web/ie_event.js (12 ms)
[2025-08-06 09:51:21] [build-stdout] Extracting /home/saswath/tools/codeql/javascript/tools/data/externs/web/w3c_midi.js
[2025-08-06 09:51:21] [build-stdout] Done extracting /home/saswath/tools/codeql/javascript/tools/data/externs/web/w3c_midi.js (9 ms)
[2025-08-06 09:51:21] [build-stdout] Extracting /home/saswath/tools/codeql/javascript/tools/data/externs/web/gecko_ext.js
[2025-08-06 09:51:21] [build-stdout] Done extracting /home/saswath/tools/codeql/javascript/tools/data/externs/web/gecko_ext.js (2 ms)
[2025-08-06 09:51:21] [build-stdout] Extracting /home/saswath/tools/codeql/javascript/tools/data/externs/web/w3c_xml.js
[2025-08-06 09:51:21] [build-stdout] Done extracting /home/saswath/tools/codeql/javascript/tools/data/externs/web/w3c_xml.js (15 ms)
[2025-08-06 09:51:21] [build-stdout] Extracting /home/saswath/tools/codeql/javascript/tools/data/externs/web/fetchapi.js
[2025-08-06 09:51:21] [build-stdout] Done extracting /home/saswath/tools/codeql/javascript/tools/data/externs/web/fetchapi.js (21 ms)
[2025-08-06 09:51:21] [build-stdout] Extracting /home/saswath/tools/codeql/javascript/tools/data/externs/web/flash.js
[2025-08-06 09:51:21] [build-stdout] Done extracting /home/saswath/tools/codeql/javascript/tools/data/externs/web/flash.js (10 ms)
[2025-08-06 09:51:21] [build-stdout] Extracting /home/saswath/tools/codeql/javascript/tools/data/externs/web/w3c_encoding.js
[2025-08-06 09:51:21] [build-stdout] Done extracting /home/saswath/tools/codeql/javascript/tools/data/externs/web/w3c_encoding.js (4 ms)
[2025-08-06 09:51:21] [build-stdout] Extracting /home/saswath/tools/codeql/javascript/tools/data/externs/web/w3c_dom4.js
[2025-08-06 09:51:21] [build-stdout] Done extracting /home/saswath/tools/codeql/javascript/tools/data/externs/web/w3c_dom4.js (2 ms)
[2025-08-06 09:51:21] [build-stdout] Extracting /home/saswath/tools/codeql/javascript/tools/data/externs/web/w3c_navigation_timing.js
[2025-08-06 09:51:21] [build-stdout] Done extracting /home/saswath/tools/codeql/javascript/tools/data/externs/web/w3c_navigation_timing.js (12 ms)
[2025-08-06 09:51:21] [build-stdout] Extracting /home/saswath/tools/codeql/javascript/tools/data/externs/web/w3c_selectors.js
[2025-08-06 09:51:21] [build-stdout] Done extracting /home/saswath/tools/codeql/javascript/tools/data/externs/web/w3c_selectors.js (5 ms)
[2025-08-06 09:51:21] [build-stdout] Extracting /home/saswath/tools/codeql/javascript/tools/data/externs/web/w3c_device_sensor_event.js
[2025-08-06 09:51:21] [build-stdout] Done extracting /home/saswath/tools/codeql/javascript/tools/data/externs/web/w3c_device_sensor_event.js (4 ms)
[2025-08-06 09:51:21] [build-stdout] Extracting /home/saswath/tools/codeql/javascript/tools/data/externs/web/webkit_css.js
[2025-08-06 09:51:21] [build-stdout] Done extracting /home/saswath/tools/codeql/javascript/tools/data/externs/web/webkit_css.js (50 ms)
[2025-08-06 09:51:21] [build-stdout] Extracting /home/saswath/tools/codeql/javascript/tools/data/externs/web/page_visibility.js
[2025-08-06 09:51:21] [build-stdout] Done extracting /home/saswath/tools/codeql/javascript/tools/data/externs/web/page_visibility.js (1 ms)
[2025-08-06 09:51:21] [build-stdout] Extracting /home/saswath/tools/codeql/javascript/tools/data/externs/web/w3c_touch_event.js
[2025-08-06 09:51:21] [build-stdout] Done extracting /home/saswath/tools/codeql/javascript/tools/data/externs/web/w3c_touch_event.js (9 ms)
[2025-08-06 09:51:21] [build-stdout] Extracting /home/saswath/tools/codeql/javascript/tools/data/externs/web/w3c_dom2.js
[2025-08-06 09:51:21] [build-stdout] Done extracting /home/saswath/tools/codeql/javascript/tools/data/externs/web/w3c_dom2.js (71 ms)
[2025-08-06 09:51:21] [build-stdout] Extracting /home/saswath/tools/codeql/javascript/tools/data/externs/web/webkit_event.js
[2025-08-06 09:51:21] [build-stdout] Done extracting /home/saswath/tools/codeql/javascript/tools/data/externs/web/webkit_event.js (2 ms)
[2025-08-06 09:51:21] [build-stdout] Extracting /home/saswath/tools/codeql/javascript/tools/data/externs/web/intl.js
[2025-08-06 09:51:21] [build-stdout] Done extracting /home/saswath/tools/codeql/javascript/tools/data/externs/web/intl.js (9 ms)
[2025-08-06 09:51:21] [build-stdout] Extracting /home/saswath/tools/codeql/javascript/tools/data/externs/web/webkit_usercontent.js
[2025-08-06 09:51:21] [build-stdout] Done extracting /home/saswath/tools/codeql/javascript/tools/data/externs/web/webkit_usercontent.js (2 ms)
[2025-08-06 09:51:21] [build-stdout] Extracting /home/saswath/tools/codeql/javascript/tools/data/externs/web/w3c_geolocation.js
[2025-08-06 09:51:21] [build-stdout] Done extracting /home/saswath/tools/codeql/javascript/tools/data/externs/web/w3c_geolocation.js (5 ms)
[2025-08-06 09:51:21] [build-stdout] Extracting /home/saswath/tools/codeql/javascript/tools/data/externs/web/gecko_event.js
[2025-08-06 09:51:21] [build-stdout] Done extracting /home/saswath/tools/codeql/javascript/tools/data/externs/web/gecko_event.js (5 ms)
[2025-08-06 09:51:21] [build-stdout] Extracting /home/saswath/tools/codeql/javascript/tools/data/externs/web/w3c_range.js
[2025-08-06 09:51:21] [build-stdout] Done extracting /home/saswath/tools/codeql/javascript/tools/data/externs/web/w3c_range.js (8 ms)
[2025-08-06 09:51:21] [build-stdout] Extracting /home/saswath/tools/codeql/javascript/tools/data/externs/web/w3c_css3d.js
[2025-08-06 09:51:21] [build-stdout] Done extracting /home/saswath/tools/codeql/javascript/tools/data/externs/web/w3c_css3d.js (6 ms)
[2025-08-06 09:51:21] [build-stdout] Extracting /home/saswath/tools/codeql/javascript/tools/data/externs/web/webgl.js
[2025-08-06 09:51:21] [build-stdout] Done extracting /home/saswath/tools/codeql/javascript/tools/data/externs/web/webgl.js (124 ms)
[2025-08-06 09:51:21] [build-stdout] Extracting /home/saswath/tools/codeql/javascript/tools/data/externs/web/w3c_css.js
[2025-08-06 09:51:21] [build-stdout] Done extracting /home/saswath/tools/codeql/javascript/tools/data/externs/web/w3c_css.js (78 ms)
[2025-08-06 09:51:21] [build-stdout] Extracting /home/saswath/tools/codeql/javascript/tools/data/externs/web/w3c_permissions.js
[2025-08-06 09:51:21] [build-stdout] Done extracting /home/saswath/tools/codeql/javascript/tools/data/externs/web/w3c_permissions.js (4 ms)
[2025-08-06 09:51:21] [build-stdout] Extracting /home/saswath/tools/codeql/javascript/tools/data/externs/web/w3c_dom3.js
[2025-08-06 09:51:21] [build-stdout] Done extracting /home/saswath/tools/codeql/javascript/tools/data/externs/web/w3c_dom3.js (28 ms)
[2025-08-06 09:51:21] [build-stdout] Extracting /home/saswath/tools/codeql/javascript/tools/data/externs/web/w3c_webcrypto.js
[2025-08-06 09:51:21] [build-stdout] Done extracting /home/saswath/tools/codeql/javascript/tools/data/externs/web/w3c_webcrypto.js (18 ms)
[2025-08-06 09:51:21] [build-stdout] Extracting /home/saswath/tools/codeql/javascript/tools/data/externs/web/mediasource.js
[2025-08-06 09:51:21] [build-stdout] Done extracting /home/saswath/tools/codeql/javascript/tools/data/externs/web/mediasource.js (7 ms)
[2025-08-06 09:51:21] [build-stdout] Extracting /home/saswath/tools/codeql/javascript/tools/data/externs/web/w3c_requestidlecallback.js
[2025-08-06 09:51:21] [build-stdout] Done extracting /home/saswath/tools/codeql/javascript/tools/data/externs/web/w3c_requestidlecallback.js (2 ms)
[2025-08-06 09:51:21] [build-stdout] Extracting /home/saswath/tools/codeql/javascript/tools/data/externs/web/w3c_batterystatus.js
[2025-08-06 09:51:21] [build-stdout] Done extracting /home/saswath/tools/codeql/javascript/tools/data/externs/web/w3c_batterystatus.js (2 ms)
[2025-08-06 09:51:21] [build-stdout] Extracting /home/saswath/tools/codeql/javascript/tools/data/externs/web/gecko_css.js
[2025-08-06 09:51:21] [build-stdout] Done extracting /home/saswath/tools/codeql/javascript/tools/data/externs/web/gecko_css.js (10 ms)
[2025-08-06 09:51:21] [build-stdout] Extracting /home/saswath/tools/codeql/javascript/tools/data/externs/web/w3c_gamepad.js
[2025-08-06 09:51:21] [build-stdout] Done extracting /home/saswath/tools/codeql/javascript/tools/data/externs/web/w3c_gamepad.js (3 ms)
[2025-08-06 09:51:21] [build-stdout] Extracting /home/saswath/tools/codeql/javascript/tools/data/externs/web/streamsapi.js
[2025-08-06 09:51:21] [build-stdout] Done extracting /home/saswath/tools/codeql/javascript/tools/data/externs/web/streamsapi.js (17 ms)
[2025-08-06 09:51:21] [build-stdout] Extracting /home/saswath/tools/codeql/javascript/tools/data/externs/web/iphone.js
[2025-08-06 09:51:21] [build-stdout] Done extracting /home/saswath/tools/codeql/javascript/tools/data/externs/web/iphone.js (5 ms)
[2025-08-06 09:51:21] [build-stdout] Extracting /home/saswath/tools/codeql/javascript/tools/data/externs/web/window.js
[2025-08-06 09:51:21] [build-stdout] Done extracting /home/saswath/tools/codeql/javascript/tools/data/externs/web/window.js (5 ms)
[2025-08-06 09:51:21] [build-stdout] Extracting /home/saswath/tools/codeql/javascript/tools/data/externs/web/ie_css.js
[2025-08-06 09:51:21] [build-stdout] Done extracting /home/saswath/tools/codeql/javascript/tools/data/externs/web/ie_css.js (9 ms)
[2025-08-06 09:51:21] [build-stdout] Extracting /home/saswath/tools/codeql/javascript/tools/data/externs/web/ie_dom.js
[2025-08-06 09:51:21] [build-stdout] Done extracting /home/saswath/tools/codeql/javascript/tools/data/externs/web/ie_dom.js (40 ms)
[2025-08-06 09:51:21] [build-stdout] Extracting /home/saswath/tools/codeql/javascript/tools/data/externs/web/chrome.js
[2025-08-06 09:51:21] [build-stdout] Done extracting /home/saswath/tools/codeql/javascript/tools/data/externs/web/chrome.js (19 ms)
[2025-08-06 09:51:21] [build-stdout] Extracting /home/saswath/tools/codeql/javascript/tools/data/externs/web/webkit_dom.js
[2025-08-06 09:51:21] [build-stdout] Done extracting /home/saswath/tools/codeql/javascript/tools/data/externs/web/webkit_dom.js (12 ms)
[2025-08-06 09:51:21] [build-stdout] Extracting /home/saswath/tools/codeql/javascript/tools/data/externs/web/w3c_indexeddb.js
[2025-08-06 09:51:21] [build-stdout] Done extracting /home/saswath/tools/codeql/javascript/tools/data/externs/web/w3c_indexeddb.js (26 ms)
[2025-08-06 09:51:21] [build-stdout] Extracting /home/saswath/tools/codeql/javascript/tools/data/externs/web/gecko_dom.js
[2025-08-06 09:51:21] [build-stdout] Done extracting /home/saswath/tools/codeql/javascript/tools/data/externs/web/gecko_dom.js (27 ms)
[2025-08-06 09:51:21] [build-stdout] Extracting /home/saswath/tools/codeql/javascript/tools/data/externs/web/w3c_event3.js
[2025-08-06 09:51:21] [build-stdout] Done extracting /home/saswath/tools/codeql/javascript/tools/data/externs/web/w3c_event3.js (2 ms)
[2025-08-06 09:51:21] [build-stdout] Extracting /home/saswath/tools/codeql/javascript/tools/data/externs/web/gecko_xml.js
[2025-08-06 09:51:21] [build-stdout] Done extracting /home/saswath/tools/codeql/javascript/tools/data/externs/web/gecko_xml.js (2 ms)
[2025-08-06 09:51:21] Plumbing command codeql database trace-command completed.
[2025-08-06 09:51:21] [PROGRESS] database create> Finalizing database at /home/saswath/unified-security-dashboard/backend/codeql-db.
[2025-08-06 09:51:21] Running plumbing command: codeql database finalize --no-db-cluster -- /home/saswath/unified-security-dashboard/backend/codeql-db
[2025-08-06 09:51:21] [PROGRESS] database finalize> Running TRAP import for CodeQL database at /home/saswath/unified-security-dashboard/backend/codeql-db...
[2025-08-06 09:51:21] Running plumbing command: codeql dataset import --dbscheme=/home/saswath/tools/codeql/javascript/semmlecode.javascript.dbscheme -- /home/saswath/unified-security-dashboard/backend/codeql-db/db-javascript /home/saswath/unified-security-dashboard/backend/codeql-db/trap/javascript
[2025-08-06 09:51:22] Clearing disk cache since the version file /home/saswath/unified-security-dashboard/backend/codeql-db/db-javascript/default/cache/version does not exist
[2025-08-06 09:51:22] Tuple pool not found. Clearing relations with cached strings
[2025-08-06 09:51:22] Trimming disk cache at /home/saswath/unified-security-dashboard/backend/codeql-db/db-javascript/default/cache in mode clear.
[2025-08-06 09:51:22] Sequence stamp origin is -6018563089251278339
[2025-08-06 09:51:22] Pausing evaluation to hard-clear memory at sequence stamp o+0
[2025-08-06 09:51:22] Unpausing evaluation
[2025-08-06 09:51:22] Pausing evaluation to quickly trim disk at sequence stamp o+1
[2025-08-06 09:51:22] Unpausing evaluation
[2025-08-06 09:51:22] Pausing evaluation to zealously trim disk at sequence stamp o+2
[2025-08-06 09:51:22] Unpausing evaluation
[2025-08-06 09:51:22] Trimming completed (6ms): Purged everything.
[2025-08-06 09:51:22] Scanning for files in /home/saswath/unified-security-dashboard/backend/codeql-db/trap/javascript
[2025-08-06 09:51:22] Found 113 TRAP files (8.24 MiB)
[2025-08-06 09:51:22] [PROGRESS] dataset import> Importing TRAP files
[2025-08-06 09:51:22] Importing es2016.js.trap.gz (1 of 113)
[2025-08-06 09:51:22] Importing es2017.js.trap.gz (2 of 113)
[2025-08-06 09:51:22] Importing es3.js.trap.gz (3 of 113)
[2025-08-06 09:51:22] Importing es5.js.trap.gz (4 of 113)
[2025-08-06 09:51:22] Importing es6.js.trap.gz (5 of 113)
[2025-08-06 09:51:22] Importing es6_collections.js.trap.gz (6 of 113)
[2025-08-06 09:51:22] Importing intl.js.trap.gz (7 of 113)
[2025-08-06 09:51:22] Importing proxy.js.trap.gz (8 of 113)
[2025-08-06 09:51:22] Importing bdd.js.trap.gz (9 of 113)
[2025-08-06 09:51:22] Importing jquery-3.2.js.trap.gz (10 of 113)
[2025-08-06 09:51:22] Importing should.js.trap.gz (11 of 113)
[2025-08-06 09:51:22] Importing vows.js.trap.gz (12 of 113)
[2025-08-06 09:51:22] Importing assert.js.trap.gz (13 of 113)
[2025-08-06 09:51:22] Importing assert_legacy.js.trap.gz (14 of 113)
[2025-08-06 09:51:22] Importing buffer.js.trap.gz (15 of 113)
[2025-08-06 09:51:22] Importing child_process.js.trap.gz (16 of 113)
[2025-08-06 09:51:22] Importing cluster.js.trap.gz (17 of 113)
[2025-08-06 09:51:22] Importing console.js.trap.gz (18 of 113)
[2025-08-06 09:51:22] Importing constants.js.trap.gz (19 of 113)
[2025-08-06 09:51:22] Importing crypto.js.trap.gz (20 of 113)
[2025-08-06 09:51:22] Importing dgram.js.trap.gz (21 of 113)
[2025-08-06 09:51:22] Importing dns.js.trap.gz (22 of 113)
[2025-08-06 09:51:22] Importing domain.js.trap.gz (23 of 113)
[2025-08-06 09:51:22] Importing events.js.trap.gz (24 of 113)
[2025-08-06 09:51:22] Importing fs.js.trap.gz (25 of 113)
[2025-08-06 09:51:22] Importing globals.js.trap.gz (26 of 113)
[2025-08-06 09:51:22] Importing http.js.trap.gz (27 of 113)
[2025-08-06 09:51:22] Importing https.js.trap.gz (28 of 113)
[2025-08-06 09:51:22] Importing module.js.trap.gz (29 of 113)
[2025-08-06 09:51:22] Importing net.js.trap.gz (30 of 113)
[2025-08-06 09:51:22] Importing os.js.trap.gz (31 of 113)
[2025-08-06 09:51:22] Importing path.js.trap.gz (32 of 113)
[2025-08-06 09:51:22] Importing process.js.trap.gz (33 of 113)
[2025-08-06 09:51:22] Importing punycode.js.trap.gz (34 of 113)
[2025-08-06 09:51:22] Importing querystring.js.trap.gz (35 of 113)
[2025-08-06 09:51:22] Importing readline.js.trap.gz (36 of 113)
[2025-08-06 09:51:22] Importing repl.js.trap.gz (37 of 113)
[2025-08-06 09:51:22] Importing stream.js.trap.gz (38 of 113)
[2025-08-06 09:51:23] Importing string_decoder.js.trap.gz (39 of 113)
[2025-08-06 09:51:23] Importing sys.js.trap.gz (40 of 113)
[2025-08-06 09:51:23] Importing timers.js.trap.gz (41 of 113)
[2025-08-06 09:51:23] Importing tls.js.trap.gz (42 of 113)
[2025-08-06 09:51:23] Importing tty.js.trap.gz (43 of 113)
[2025-08-06 09:51:23] Importing url.js.trap.gz (44 of 113)
[2025-08-06 09:51:23] Importing util.js.trap.gz (45 of 113)
[2025-08-06 09:51:23] Importing v8.js.trap.gz (46 of 113)
[2025-08-06 09:51:23] Importing vm.js.trap.gz (47 of 113)
[2025-08-06 09:51:23] Importing zlib.js.trap.gz (48 of 113)
[2025-08-06 09:51:23] Importing jsshell.js.trap.gz (49 of 113)
[2025-08-06 09:51:23] Importing rhino.js.trap.gz (50 of 113)
[2025-08-06 09:51:23] Importing spidermonkey.js.trap.gz (51 of 113)
[2025-08-06 09:51:23] Importing v8.js.trap.gz (52 of 113)
[2025-08-06 09:51:23] Importing chrome.js.trap.gz (53 of 113)
[2025-08-06 09:51:23] Importing fetchapi.js.trap.gz (54 of 113)
[2025-08-06 09:51:23] Importing fileapi.js.trap.gz (55 of 113)
[2025-08-06 09:51:23] Importing flash.js.trap.gz (56 of 113)
[2025-08-06 09:51:23] Importing gecko_css.js.trap.gz (57 of 113)
[2025-08-06 09:51:23] Importing gecko_dom.js.trap.gz (58 of 113)
[2025-08-06 09:51:23] Importing gecko_event.js.trap.gz (59 of 113)
[2025-08-06 09:51:23] Importing gecko_ext.js.trap.gz (60 of 113)
[2025-08-06 09:51:23] Importing gecko_xml.js.trap.gz (61 of 113)
[2025-08-06 09:51:23] Importing html5.js.trap.gz (62 of 113)
[2025-08-06 09:51:23] Importing ie_css.js.trap.gz (63 of 113)
[2025-08-06 09:51:23] Importing ie_dom.js.trap.gz (64 of 113)
[2025-08-06 09:51:23] Importing ie_event.js.trap.gz (65 of 113)
[2025-08-06 09:51:23] Importing ie_vml.js.trap.gz (66 of 113)
[2025-08-06 09:51:23] Importing intl.js.trap.gz (67 of 113)
[2025-08-06 09:51:23] Importing iphone.js.trap.gz (68 of 113)
[2025-08-06 09:51:23] Importing mediasource.js.trap.gz (69 of 113)
[2025-08-06 09:51:23] Importing page_visibility.js.trap.gz (70 of 113)
[2025-08-06 09:51:23] Importing streamsapi.js.trap.gz (71 of 113)
[2025-08-06 09:51:23] Importing url.js.trap.gz (72 of 113)
[2025-08-06 09:51:23] Importing w3c_anim_timing.js.trap.gz (73 of 113)
[2025-08-06 09:51:23] Importing w3c_batterystatus.js.trap.gz (74 of 113)
[2025-08-06 09:51:23] Importing w3c_css.js.trap.gz (75 of 113)
[2025-08-06 09:51:23] Importing w3c_css3d.js.trap.gz (76 of 113)
[2025-08-06 09:51:23] Importing w3c_device_sensor_event.js.trap.gz (77 of 113)
[2025-08-06 09:51:23] Importing w3c_dom1.js.trap.gz (78 of 113)
[2025-08-06 09:51:23] Importing w3c_dom2.js.trap.gz (79 of 113)
[2025-08-06 09:51:23] Importing w3c_dom3.js.trap.gz (80 of 113)
[2025-08-06 09:51:23] Importing w3c_dom4.js.trap.gz (81 of 113)
[2025-08-06 09:51:23] Importing w3c_elementtraversal.js.trap.gz (82 of 113)
[2025-08-06 09:51:23] Importing w3c_encoding.js.trap.gz (83 of 113)
[2025-08-06 09:51:23] Importing w3c_event.js.trap.gz (84 of 113)
[2025-08-06 09:51:23] Importing w3c_event3.js.trap.gz (85 of 113)
[2025-08-06 09:51:23] Importing w3c_gamepad.js.trap.gz (86 of 113)
[2025-08-06 09:51:23] Importing w3c_geolocation.js.trap.gz (87 of 113)
[2025-08-06 09:51:23] Importing w3c_indexeddb.js.trap.gz (88 of 113)
[2025-08-06 09:51:23] Importing w3c_midi.js.trap.gz (89 of 113)
[2025-08-06 09:51:23] Importing w3c_navigation_timing.js.trap.gz (90 of 113)
[2025-08-06 09:51:23] Importing w3c_permissions.js.trap.gz (91 of 113)
[2025-08-06 09:51:23] Importing w3c_pointer_events.js.trap.gz (92 of 113)
[2025-08-06 09:51:23] Importing w3c_range.js.trap.gz (93 of 113)
[2025-08-06 09:51:23] Importing w3c_requestidlecallback.js.trap.gz (94 of 113)
[2025-08-06 09:51:23] Importing w3c_rtc.js.trap.gz (95 of 113)
[2025-08-06 09:51:23] Importing w3c_screen_orientation.js.trap.gz (96 of 113)
[2025-08-06 09:51:23] Importing w3c_selectors.js.trap.gz (97 of 113)
[2025-08-06 09:51:23] Importing w3c_serviceworker.js.trap.gz (98 of 113)
[2025-08-06 09:51:23] Importing w3c_touch_event.js.trap.gz (99 of 113)
[2025-08-06 09:51:23] Importing w3c_webcrypto.js.trap.gz (100 of 113)
[2025-08-06 09:51:23] Importing w3c_xml.js.trap.gz (101 of 113)
[2025-08-06 09:51:23] Importing webgl.js.trap.gz (102 of 113)
[2025-08-06 09:51:23] Importing webkit_css.js.trap.gz (103 of 113)
[2025-08-06 09:51:23] Importing webkit_dom.js.trap.gz (104 of 113)
[2025-08-06 09:51:23] Importing webkit_event.js.trap.gz (105 of 113)
[2025-08-06 09:51:23] Importing webkit_notifications.js.trap.gz (106 of 113)
[2025-08-06 09:51:23] Importing webkit_usercontent.js.trap.gz (107 of 113)
[2025-08-06 09:51:23] Importing webstorage.js.trap.gz (108 of 113)
[2025-08-06 09:51:23] Importing whatwg_encoding.js.trap.gz (109 of 113)
[2025-08-06 09:51:23] Importing window.js.trap.gz (110 of 113)
[2025-08-06 09:51:23] Importing metadata.trap.gz (111 of 113)
[2025-08-06 09:51:23] Importing index.js.trap.gz (112 of 113)
[2025-08-06 09:51:23] Importing package.json.trap.gz (113 of 113)
[2025-08-06 09:51:23] [PROGRESS] dataset import> Merging relations
[2025-08-06 09:51:23] Merging 1 fragment for 'files'.
[2025-08-06 09:51:23] Merged 421 bytes for 'files'.
[2025-08-06 09:51:23] Merging 1 fragment for 'folders'.
[2025-08-06 09:51:23] Merged 71 bytes for 'folders'.
[2025-08-06 09:51:23] Merging 1 fragment for 'containerparent'.
[2025-08-06 09:51:23] Merged 319 bytes for 'containerparent'.
[2025-08-06 09:51:23] Merging 2 fragments for 'locations_default'.
[2025-08-06 09:51:23] Merged 811524 bytes (792.50 KiB) for 'locations_default'.
[2025-08-06 09:51:23] Merging 3 fragments for 'hasLocation'.
[2025-08-06 09:51:24] Merged 518025 bytes (505.88 KiB) for 'hasLocation'.
[2025-08-06 09:51:24] Merging 1 fragment for 'extraction_data'.
[2025-08-06 09:51:24] Merged 524 bytes for 'extraction_data'.
[2025-08-06 09:51:24] Merging 1 fragment for 'scopes'.
[2025-08-06 09:51:24] Merged 4137 bytes (4.04 KiB) for 'scopes'.
[2025-08-06 09:51:24] Merging 1 fragment for 'comments'.
[2025-08-06 09:51:24] Merged 37323 bytes (36.45 KiB) for 'comments'.
[2025-08-06 09:51:24] Merging 1 fragment for 'indentation'.
[2025-08-06 09:51:24] Merged 26832 bytes (26.20 KiB) for 'indentation'.
[2025-08-06 09:51:24] Merging 1 fragment for 'numlines'.
[2025-08-06 09:51:24] Merged 1582 bytes (1.54 KiB) for 'numlines'.
[2025-08-06 09:51:24] Merging 1 fragment for 'tokeninfo'.
[2025-08-06 09:51:24] Merged 437104 bytes (426.86 KiB) for 'tokeninfo'.
[2025-08-06 09:51:24] Merging 1 fragment for 'next_token'.
[2025-08-06 09:51:24] Merged 20381 bytes (19.90 KiB) for 'next_token'.
[2025-08-06 09:51:24] Merging 1 fragment for 'jsdoc'.
[2025-08-06 09:51:24] Merged 20253 bytes (19.78 KiB) for 'jsdoc'.
[2025-08-06 09:51:24] Merging 1 fragment for 'jsdoc_tags'.
[2025-08-06 09:51:24] Merged 95396 bytes (93.16 KiB) for 'jsdoc_tags'.
[2025-08-06 09:51:24] Merging 1 fragment for 'jsdoc_tag_descriptions'.
[2025-08-06 09:51:24] Merged 7318 bytes (7.15 KiB) for 'jsdoc_tag_descriptions'.
[2025-08-06 09:51:24] Merging 1 fragment for 'jsdoc_tag_names'.
[2025-08-06 09:51:24] Merged 14299 bytes (13.96 KiB) for 'jsdoc_tag_names'.
[2025-08-06 09:51:24] Merging 1 fragment for 'jsdoc_type_exprs'.
[2025-08-06 09:51:24] Merged 125568 bytes (122.62 KiB) for 'jsdoc_type_exprs'.
[2025-08-06 09:51:24] Merging 1 fragment for 'toplevels'.
[2025-08-06 09:51:24] Merged 234 bytes for 'toplevels'.
[2025-08-06 09:51:24] Merging 1 fragment for 'stmts'.
[2025-08-06 09:51:24] Merged 102275 bytes (99.88 KiB) for 'stmts'.
[2025-08-06 09:51:24] Merging 1 fragment for 'stmt_containers'.
[2025-08-06 09:51:24] Merged 46653 bytes (45.56 KiB) for 'stmt_containers'.
[2025-08-06 09:51:24] Merging 1 fragment for 'exprs'.
[2025-08-06 09:51:24] Merged 410921 bytes (401.29 KiB) for 'exprs'.
[2025-08-06 09:51:24] Merging 1 fragment for 'enclosing_stmt'.
[2025-08-06 09:51:24] Merged 83208 bytes (81.26 KiB) for 'enclosing_stmt'.
[2025-08-06 09:51:24] Merging 1 fragment for 'expr_containers'.
[2025-08-06 09:51:24] Merged 92033 bytes (89.88 KiB) for 'expr_containers'.
[2025-08-06 09:51:24] Merging 1 fragment for 'literals'.
[2025-08-06 09:51:24] Merged 70360 bytes (68.71 KiB) for 'literals'.
[2025-08-06 09:51:24] Merging 1 fragment for 'variables'.
[2025-08-06 09:51:24] Merged 39461 bytes (38.54 KiB) for 'variables'.
[2025-08-06 09:51:24] Merging 1 fragment for 'bind'.
[2025-08-06 09:51:24] Merged 14637 bytes (14.29 KiB) for 'bind'.
[2025-08-06 09:51:24] Merging 1 fragment for 'scopenodes'.
[2025-08-06 09:51:24] Merged 8310 bytes (8.12 KiB) for 'scopenodes'.
[2025-08-06 09:51:24] Merging 1 fragment for 'scopenesting'.
[2025-08-06 09:51:24] Merged 4293 bytes (4.19 KiB) for 'scopenesting'.
[2025-08-06 09:51:24] Merging 1 fragment for 'decl'.
[2025-08-06 09:51:24] Merged 13293 bytes (12.98 KiB) for 'decl'.
[2025-08-06 09:51:24] Merging 1 fragment for 'is_arguments_object'.
[2025-08-06 09:51:24] Merged 4001 bytes (3.91 KiB) for 'is_arguments_object'.
[2025-08-06 09:51:24] Merging 1 fragment for 'entry_cfg_node'.
[2025-08-06 09:51:24] Merged 8843 bytes (8.64 KiB) for 'entry_cfg_node'.
[2025-08-06 09:51:24] Merging 1 fragment for 'exit_cfg_node'.
[2025-08-06 09:51:24] Merged 8843 bytes (8.64 KiB) for 'exit_cfg_node'.
[2025-08-06 09:51:24] Merging 1 fragment for 'successor'.
[2025-08-06 09:51:24] Merged 165625 bytes (161.74 KiB) for 'successor'.
[2025-08-06 09:51:24] Merging 1 fragment for 'is_externs'.
[2025-08-06 09:51:24] Merged 222 bytes for 'is_externs'.
[2025-08-06 09:51:24] Merging 1 fragment for 'filetype'.
[2025-08-06 09:51:24] Merged 240 bytes for 'filetype'.
[2025-08-06 09:51:24] Merging 1 fragment for 'extraction_time'.
[2025-08-06 09:51:24] Merged 13683 bytes (13.36 KiB) for 'extraction_time'.
[2025-08-06 09:51:24] Merging 1 fragment for 'jsdoc_prefix_qualifier'.
[2025-08-06 09:51:24] Merged 1894 bytes (1.85 KiB) for 'jsdoc_prefix_qualifier'.
[2025-08-06 09:51:24] Merging 1 fragment for 'jsdoc_errors'.
[2025-08-06 09:51:24] Merged 1139 bytes (1.11 KiB) for 'jsdoc_errors'.
[2025-08-06 09:51:24] Merging 1 fragment for 'jsdoc_record_field_name'.
[2025-08-06 09:51:24] Merged 1596 bytes (1.56 KiB) for 'jsdoc_record_field_name'.
[2025-08-06 09:51:24] Merging 1 fragment for 'jsdoc_has_new_parameter'.
[2025-08-06 09:51:24] Merged 35 bytes for 'jsdoc_has_new_parameter'.
[2025-08-06 09:51:24] Merging 1 fragment for 'properties'.
[2025-08-06 09:51:24] Merged 384 bytes for 'properties'.
[2025-08-06 09:51:24] Merging 1 fragment for 'regexpterm'.
[2025-08-06 09:51:24] Merged 386 bytes for 'regexpterm'.
[2025-08-06 09:51:24] Merging 1 fragment for 'regexp_const_value'.
[2025-08-06 09:51:24] Merged 165 bytes for 'regexp_const_value'.
[2025-08-06 09:51:24] Merging 1 fragment for 'guard_node'.
[2025-08-06 09:51:24] Merged 104 bytes for 'guard_node'.
[2025-08-06 09:51:24] Merging 1 fragment for 'is_module'.
[2025-08-06 09:51:24] Merged 89 bytes for 'is_module'.
[2025-08-06 09:51:24] Merging 1 fragment for 'is_nodejs'.
[2025-08-06 09:51:24] Merged 89 bytes for 'is_nodejs'.
[2025-08-06 09:51:24] Merging 1 fragment for 'sourceLocationPrefix'.
[2025-08-06 09:51:24] Merged 19 bytes for 'sourceLocationPrefix'.
[2025-08-06 09:51:24] Merging 1 fragment for 'is_greedy'.
[2025-08-06 09:51:24] Merged 21 bytes for 'is_greedy'.
[2025-08-06 09:51:24] Merging 1 fragment for 'range_quantifier_lower_bound'.
[2025-08-06 09:51:24] Merged 30 bytes for 'range_quantifier_lower_bound'.
[2025-08-06 09:51:24] Merging 1 fragment for 'range_quantifier_upper_bound'.
[2025-08-06 09:51:24] Merged 30 bytes for 'range_quantifier_upper_bound'.
[2025-08-06 09:51:24] Merging 1 fragment for 'json'.
[2025-08-06 09:51:24] Merged 132 bytes for 'json'.
[2025-08-06 09:51:24] Merging 1 fragment for 'json_locations'.
[2025-08-06 09:51:24] Merged 62 bytes for 'json_locations'.
[2025-08-06 09:51:24] Merging 1 fragment for 'json_literals'.
[2025-08-06 09:51:24] Merged 80 bytes for 'json_literals'.
[2025-08-06 09:51:24] Merging 1 fragment for 'json_properties'.
[2025-08-06 09:51:24] Merged 90 bytes for 'json_properties'.
[2025-08-06 09:51:24] Saving string and id pools to disk.
[2025-08-06 09:51:24] Finished importing TRAP files.
[2025-08-06 09:51:24] Read 43.57 MiB of uncompressed TRAP data.
[2025-08-06 09:51:24] Uncompressed relation data size: 13.40 MiB
[2025-08-06 09:51:24] Relation data size: 3.07 MiB (merge rate: 12.20 MiB/s)
[2025-08-06 09:51:24] String pool size: 4.78 MiB
[2025-08-06 09:51:24] ID pool size: 13.00 MiB
[2025-08-06 09:51:24] [PROGRESS] dataset import> Finished writing database (relations: 3.07 MiB; string pool: 4.78 MiB).
[2025-08-06 09:51:24] Pausing evaluation to close the cache at sequence stamp o+117
[2025-08-06 09:51:24] The disk cache is freshly trimmed; leave it be.
[2025-08-06 09:51:24] Unpausing evaluation
[2025-08-06 09:51:24] Plumbing command codeql dataset import completed.
[2025-08-06 09:51:24] [PROGRESS] database finalize> TRAP import complete (2.3s).
[2025-08-06 09:51:24] Running plumbing command: codeql database cleanup -- /home/saswath/unified-security-dashboard/backend/codeql-db
[2025-08-06 09:51:24] [PROGRESS] database cleanup> Cleaning up existing TRAP files after import...
[2025-08-06 09:51:24] [PROGRESS] database cleanup> TRAP files cleaned up (5ms).
[2025-08-06 09:51:24] [PROGRESS] database cleanup> Cleaning up scratch directory...
[2025-08-06 09:51:24] [PROGRESS] database cleanup> Scratch directory cleaned up (0ms).
[2025-08-06 09:51:24] Running plumbing command: codeql dataset cleanup -- /home/saswath/unified-security-dashboard/backend/codeql-db/db-javascript
[2025-08-06 09:51:24] [PROGRESS] dataset cleanup> Cleaning up dataset in /home/saswath/unified-security-dashboard/backend/codeql-db/db-javascript.
[2025-08-06 09:51:24] Trimming disk cache at /home/saswath/unified-security-dashboard/backend/codeql-db/db-javascript/default/cache in mode trim.
[2025-08-06 09:51:24] Sequence stamp origin is -6018563079759456041
[2025-08-06 09:51:24] Pausing evaluation to quickly trim memory at sequence stamp o+0
[2025-08-06 09:51:24] Unpausing evaluation
[2025-08-06 09:51:24] Pausing evaluation to zealously trim disk at sequence stamp o+1
[2025-08-06 09:51:24] Unpausing evaluation
[2025-08-06 09:51:24] Trimming completed (2ms): Trimmed disposable data from cache.
[2025-08-06 09:51:24] Pausing evaluation to close the cache at sequence stamp o+2
[2025-08-06 09:51:24] The disk cache is freshly trimmed; leave it be.
[2025-08-06 09:51:24] Unpausing evaluation
[2025-08-06 09:51:24] [PROGRESS] dataset cleanup> Trimmed disposable data from cache.
[2025-08-06 09:51:24] [PROGRESS] dataset cleanup> Finalizing dataset in /home/saswath/unified-security-dashboard/backend/codeql-db/db-javascript
[2025-08-06 09:51:24] [DETAILS] dataset cleanup> Finished deleting ID pool from /home/saswath/unified-security-dashboard/backend/codeql-db/db-javascript (3ms).
[2025-08-06 09:51:24] Plumbing command codeql dataset cleanup completed.
[2025-08-06 09:51:24] Plumbing command codeql database cleanup completed with status 0.
[2025-08-06 09:51:24] [PROGRESS] database finalize> Finished zipping source archive (244.41 KiB).
[2025-08-06 09:51:24] Plumbing command codeql database finalize completed.
[2025-08-06 09:51:24] [PROGRESS] database create> Successfully created database at /home/saswath/unified-security-dashboard/backend/codeql-db.
[2025-08-06 09:51:24] Terminating normally.
