[2025-08-02 17:35:18] This is codeql database create codeql-db --language=javascript --source-root /tmp/tmpcoam8vsk --overwrite
[2025-08-02 17:35:18] Log file was started late.
[2025-08-02 17:35:18] [PROGRESS] database create> Initializing database at /home/saswath/unified-security-dashboard/backend/codeql-db.
[2025-08-02 17:35:18] Running plumbing command: codeql database init --overwrite --language=javascript --extractor-options-verbosity=1 --qlconfig-file=/home/saswath/unified-security-dashboard/backend/qlconfig.yml --source-root=/tmp/tmpcoam8vsk --allow-missing-source-root=false --allow-already-existing -- /home/saswath/unified-security-dashboard/backend/codeql-db
[2025-08-02 17:35:18] Calling plumbing command: codeql resolve languages --extractor-options-verbosity=1 --format=betterjson
[2025-08-02 17:35:18] [DETAILS] resolve languages> Scanning for [codeql-extractor.yml] from /home/saswath/tools/codeql/.codeqlmanifest.json
[2025-08-02 17:35:18] [DETAILS] resolve languages> Parsing /home/saswath/tools/codeql/swift/codeql-extractor.yml.
[2025-08-02 17:35:18] [DETAILS] resolve languages> Parsing /home/saswath/tools/codeql/ruby/codeql-extractor.yml.
[2025-08-02 17:35:18] [DETAILS] resolve languages> Parsing /home/saswath/tools/codeql/javascript/codeql-extractor.yml.
[2025-08-02 17:35:18] [DETAILS] resolve languages> Parsing /home/saswath/tools/codeql/csharp/codeql-extractor.yml.
[2025-08-02 17:35:18] [DETAILS] resolve languages> Parsing /home/saswath/tools/codeql/xml/codeql-extractor.yml.
[2025-08-02 17:35:19] [DETAILS] resolve languages> Parsing /home/saswath/tools/codeql/python/codeql-extractor.yml.
[2025-08-02 17:35:19] [DETAILS] resolve languages> Parsing /home/saswath/tools/codeql/html/codeql-extractor.yml.
[2025-08-02 17:35:19] [DETAILS] resolve languages> Parsing /home/saswath/tools/codeql/yaml/codeql-extractor.yml.
[2025-08-02 17:35:19] [DETAILS] resolve languages> Parsing /home/saswath/tools/codeql/properties/codeql-extractor.yml.
[2025-08-02 17:35:19] [DETAILS] resolve languages> Parsing /home/saswath/tools/codeql/cpp/codeql-extractor.yml.
[2025-08-02 17:35:19] [DETAILS] resolve languages> Parsing /home/saswath/tools/codeql/java/codeql-extractor.yml.
[2025-08-02 17:35:19] [DETAILS] resolve languages> Parsing /home/saswath/tools/codeql/csv/codeql-extractor.yml.
[2025-08-02 17:35:19] [DETAILS] resolve languages> Parsing /home/saswath/tools/codeql/rust/codeql-extractor.yml.
[2025-08-02 17:35:19] [DETAILS] resolve languages> Parsing /home/saswath/tools/codeql/go/codeql-extractor.yml.
[2025-08-02 17:35:19] [DETAILS] resolve languages> Parsing /home/saswath/tools/codeql/actions/codeql-extractor.yml.
[2025-08-02 17:35:19] Plumbing command codeql resolve languages completed:
                      {
                        "aliases" : {
                          "c" : "cpp",
                          "c++" : "cpp",
                          "c-c++" : "cpp",
                          "c-cpp" : "cpp",
                          "c#" : "csharp",
                          "java-kotlin" : "java",
                          "kotlin" : "java",
                          "javascript-typescript" : "javascript",
                          "typescript" : "javascript"
                        },
                        "extractors" : {
                          "swift" : [
                            {
                              "extractor_root" : "/home/saswath/tools/codeql/swift"
                            }
                          ],
                          "ruby" : [
                            {
                              "extractor_root" : "/home/saswath/tools/codeql/ruby",
                              "extractor_options" : {
                                "trap" : {
                                  "title" : "Options pertaining to TRAP.",
                                  "description" : "Options pertaining to TRAP.",
                                  "type" : "object",
                                  "properties" : {
                                    "compression" : {
                                      "title" : "Controls compression for the TRAP files written by the extractor.",
                                      "description" : "This option is only intended for use in debugging the extractor. Accepted values are 'gzip' (the default, to write gzip-compressed TRAP) 'zstd' (to write Zstandard-compressed TRAP) and 'none' (to write uncompressed TRAP).\n",
                                      "type" : "string",
                                      "pattern" : "^(none|gzip|zstd)$"
                                    }
                                  }
                                }
                              }
                            }
                          ],
                          "javascript" : [
                            {
                              "extractor_root" : "/home/saswath/tools/codeql/javascript",
                              "extractor_options" : {
                                "skip_types" : {
                                  "title" : "Skip type extraction for TypeScript",
                                  "description" : "Whether to skip the extraction of types in a TypeScript application",
                                  "type" : "string",
                                  "pattern" : "^(false|true)$"
                                }
                              }
                            }
                          ],
                          "csharp" : [
                            {
                              "extractor_root" : "/home/saswath/tools/codeql/csharp",
                              "extractor_options" : {
                                "trap" : {
                                  "title" : "Options pertaining to TRAP.",
                                  "description" : "Options pertaining to TRAP.",
                                  "type" : "object",
                                  "properties" : {
                                    "compression" : {
                                      "title" : "Controls compression for the TRAP files written by the extractor.",
                                      "description" : "This option is only intended for use in debugging the extractor. Accepted values are 'brotli' (the default, to write brotli-compressed TRAP), 'gzip', and 'none' (to write uncompressed TRAP).\n",
                                      "type" : "string",
                                      "pattern" : "^(none|gzip|brotli)$"
                                    }
                                  }
                                },
                                "buildless" : {
                                  "title" : "DEPRECATED - Whether to use buildless (standalone) extraction.",
                                  "description" : "DEPRECATED: Use `--build-mode none` instead.\nA value indicating, which type of extraction the autobuilder should perform. If 'true', then the standalone extractor will be used, otherwise tracing extraction will be performed. The default is 'false'. Note that buildless extraction will generally yield less accurate analysis results, and should only be used in cases where it is not possible to build the code (for example if it uses inaccessible dependencies).\n",
                                  "type" : "string",
                                  "pattern" : "^(false|true)$"
                                },
                                "logging" : {
                                  "title" : "Options pertaining to logging.",
                                  "description" : "Options pertaining to logging.",
                                  "type" : "object",
                                  "properties" : {
                                    "verbosity" : {
                                      "title" : "Extractor logging verbosity level.",
                                      "description" : "Controls the level of verbosity of the extractor. The supported levels are (in order of increasing verbosity):\n  - off\n  - errors\n  - warnings\n  - info or progress\n  - debug or progress+\n  - trace or progress++\n  - progress+++\n",
                                      "type" : "string",
                                      "pattern" : "^(off|errors|warnings|(info|progress)|(debug|progress\\+)|(trace|progress\\+\\+)|progress\\+\\+\\+)$"
                                    }
                                  }
                                },
                                "binlog" : {
                                  "title" : "Binlog",
                                  "description" : "[EXPERIMENTAL] The value is a path to the MsBuild binary log file that should be extracted. This option only works when `--build-mode none` is also specified.\n",
                                  "type" : "array"
                                }
                              }
                            }
                          ],
                          "xml" : [
                            {
                              "extractor_root" : "/home/saswath/tools/codeql/xml"
                            }
                          ],
                          "python" : [
                            {
                              "extractor_root" : "/home/saswath/tools/codeql/python",
                              "extractor_options" : {
                                "logging" : {
                                  "title" : "Options pertaining to logging.",
                                  "description" : "Options pertaining to logging.",
                                  "type" : "object",
                                  "properties" : {
                                    "verbosity" : {
                                      "title" : "Python extractor logging verbosity level.",
                                      "description" : "Controls the level of verbosity of the CodeQL Python extractor.\nThe supported levels are (in order of increasing verbosity):\n\n  - off\n  - errors\n  - warnings\n  - info or progress\n  - debug or progress+\n  - trace or progress++\n  - progress+++\n",
                                      "type" : "string",
                                      "pattern" : "^(off|errors|warnings|(info|progress)|(debug|progress\\+)|(trace|progress\\+\\+)|progress\\+\\+\\+)$"
                                    }
                                  }
                                },
                                "python_executable_name" : {
                                  "title" : "Controls the name of the Python executable used by the Python extractor.",
                                  "description" : "The Python extractor uses platform-dependent heuristics to determine the name of the Python executable to use. Specifying a value for this option overrides the name of the Python executable used by the extractor. Accepted values are py, python and python3. Use this setting with caution, the Python extractor requires Python 3 to run.\n",
                                  "type" : "string",
                                  "pattern" : "^(py|python|python3)$"
                                }
                              }
                            }
                          ],
                          "html" : [
                            {
                              "extractor_root" : "/home/saswath/tools/codeql/html"
                            }
                          ],
                          "yaml" : [
                            {
                              "extractor_root" : "/home/saswath/tools/codeql/yaml"
                            }
                          ],
                          "properties" : [
                            {
                              "extractor_root" : "/home/saswath/tools/codeql/properties"
                            }
                          ],
                          "cpp" : [
                            {
                              "extractor_root" : "/home/saswath/tools/codeql/cpp",
                              "extractor_options" : {
                                "scale_timeouts" : {
                                  "title" : "Value to scale compiler introspection timeouts with",
                                  "description" : "The extractor attempts to determine what compiler the source code being extracted is compiled with. To this end the extractor makes additional calls to the compiler, some of which are expected to return within a certain fixed time (either 10s or 15s). On some systems that are under high load this time might be too short, and can be scaled up using this option.\n",
                                  "type" : "string",
                                  "pattern" : "[0-9]+"
                                },
                                "log_verbosity" : {
                                  "title" : "Verbosity of the extractor logging",
                                  "description" : "Set the verbosity of the extractor logging to 'quiet' (0), 'normal' (1), 'chatty' (2), or 'noisy' (3). The default is 'normal'.\n",
                                  "type" : "string",
                                  "pattern" : "[0-3]"
                                }
                              }
                            }
                          ],
                          "java" : [
                            {
                              "extractor_root" : "/home/saswath/tools/codeql/java",
                              "extractor_options" : {
                                "exclude" : {
                                  "title" : "A glob excluding files from analysis.",
                                  "description" : "A glob indicating what files to exclude from the analysis. This accepts glob patterns that are supported by Java's 'getPathMatcher' implementation.\n",
                                  "type" : "string"
                                },
                                "add_prefer_source" : {
                                  "title" : "Whether to always prefer source files over class files.",
                                  "description" : "A value indicating whether source files should be preferred over class files. If set to 'true', the extraction adds '-Xprefer:source' to the javac command line. If set to 'false', the extraction uses the default javac behavior ('-Xprefer:newer'). The default is 'true'.\n",
                                  "type" : "string",
                                  "pattern" : "^(false|true)$"
                                },
                                "buildless" : {
                                  "title" : "Whether to use buildless (standalone) extraction (experimental).",
                                  "description" : "A value indicating, which type of extraction the autobuilder should perform. If 'true', then the standalone extractor will be used, otherwise tracing extraction will be performed. The default is 'false'. Note that buildless extraction will generally yield less accurate analysis results, and should only be used in cases where it is not possible to build the code (for example if it uses inaccessible dependencies).\n",
                                  "type" : "string",
                                  "pattern" : "^(false|true)$"
                                },
                                "buildless_dependency_dir" : {
                                  "title" : "The path where buildless (standalone) extraction should keep dependencies.",
                                  "description" : "If set, the buildless (standalone) extractor will store dependencies in this directory.\n",
                                  "type" : "string"
                                },
                                "minimize_dependency_jars" : {
                                  "title" : "Whether to rewrite and minimize downloaded JAR dependencies (experimental).",
                                  "description" : "If 'true', JAR dependencies downloaded during extraction will be rewritten to remove unneeded data, such as method bodies. The default is 'false'.\n",
                                  "type" : "string",
                                  "pattern" : "^(false|true)$"
                                }
                              }
                            }
                          ],
                          "csv" : [
                            {
                              "extractor_root" : "/home/saswath/tools/codeql/csv"
                            }
                          ],
                          "rust" : [
                            {
                              "extractor_root" : "/home/saswath/tools/codeql/rust",
                              "extractor_options" : {
                                "trap" : {
                                  "title" : "Options pertaining to TRAP.",
                                  "description" : "Options pertaining to TRAP.",
                                  "type" : "object",
                                  "properties" : {
                                    "compression" : {
                                      "title" : "Controls compression for the TRAP files written by the extractor.",
                                      "description" : "This option is only intended for use in debugging the extractor. Accepted values are 'gzip' (to write gzip-compressed TRAP) 'zstd' (to write Zstandard-compressed TRAP) and 'none' (the default, to write uncompressed TRAP).\n",
                                      "type" : "string",
                                      "pattern" : "^(none|gzip|zstd)$"
                                    }
                                  }
                                },
                                "cargo_target_dir" : {
                                  "title" : "Directory to use for cargo output files.",
                                  "description" : "This value is an optional path to use as `CARGO_TARGET_DIR` for the internal cargo commands the extractor uses. Pointing it to a persistent directory may reduce execution time of consecutive extractor runs. By default, a new scratch directory is used for each run.\n",
                                  "type" : "string"
                                },
                                "cargo_target" : {
                                  "title" : "Target architecture",
                                  "description" : "Target architecture to use for analysis, analogous to `cargo --target`. By default the host architecture is used.\n",
                                  "type" : "string"
                                },
                                "cargo_features" : {
                                  "title" : "Cargo features to turn on",
                                  "description" : "Comma-separated list of features to turn on. By default all features are enabled. If any features are specified, then only those features are enabled. The `default` feature must be explicitly specified if only default features are desired. Can be repeated.\n",
                                  "type" : "array"
                                },
                                "cargo_cfg_overrides" : {
                                  "title" : "Cargo cfg overrides",
                                  "description" : "Comma-separated list of cfg settings to enable, or disable if prefixed with `-`. Can be repeated.\n",
                                  "type" : "array"
                                },
                                "logging" : {
                                  "title" : "Options pertaining to logging.",
                                  "description" : "Options pertaining to logging.",
                                  "type" : "object",
                                  "properties" : {
                                    "verbosity" : {
                                      "title" : "Extractor logging verbosity level.",
                                      "description" : "Controls the level of verbosity of the extractor. The supported levels are (in order of increasing verbosity):\n  - off\n  - errors\n  - warnings\n  - info or progress\n  - debug or progress+\n  - trace or progress++\n  - progress+++\n",
                                      "type" : "string",
                                      "pattern" : "^(off|errors|warnings|(info|progress)|(debug|progress\\+)|(trace|progress\\+\\+)|progress\\+\\+\\+)$"
                                    },
                                    "flamegraph" : {
                                      "title" : "[Experimental] File path for write flame graph log",
                                      "description" : "Collect flame graph data using the `tracing-flame` crate. To render a flame graph or chart, run the `inferno-flamegraph` command. See also: https://crates.io/crates/tracing-flame\n",
                                      "type" : "string"
                                    }
                                  }
                                },
                                "skip_path_resolution" : {
                                  "title" : "Skip path resolution",
                                  "description" : "Skip path resolution. This is experimental, while we move path resolution from the extractor to the QL library.\n",
                                  "type" : "string",
                                  "pattern" : "^(false|true)$"
                                },
                                "extract_dependencies_as_source" : {
                                  "title" : "Extract dependencies as source code",
                                  "description" : "Extract the full source code of dependencies instead of only extracting signatures.\n",
                                  "type" : "string",
                                  "pattern" : "^(false|true)$"
                                }
                              }
                            }
                          ],
                          "go" : [
                            {
                              "extractor_root" : "/home/saswath/tools/codeql/go",
                              "extractor_options" : {
                                "extract_tests" : {
                                  "title" : "Whether to include Go test files in the CodeQL database.",
                                  "description" : "A value indicating whether Go test files should be included in the CodeQL database. The default is 'false'.\n",
                                  "type" : "string",
                                  "pattern" : "^(false|true)$"
                                },
                                "extract_vendor_dirs" : {
                                  "title" : "Whether to include Go vendor directories in the CodeQL database.",
                                  "description" : "A value indicating whether Go vendor directories should be included in the CodeQL database. The default is 'false'.\n",
                                  "type" : "string",
                                  "pattern" : "^(false|true)$"
                                }
                              }
                            }
                          ],
                          "actions" : [
                            {
                              "extractor_root" : "/home/saswath/tools/codeql/actions",
                              "extractor_options" : { }
                            }
                          ]
                        }
                      }
[2025-08-02 17:35:19] [PROGRESS] database init> Calculating baseline information in /tmp/tmpcoam8vsk
[2025-08-02 17:35:19] [SPAMMY] database init> Ignoring the following directories when processing baseline information: .git, .hg, .svn.
[2025-08-02 17:35:19] [DETAILS] database init> Running command in /tmp/tmpcoam8vsk: /home/saswath/tools/codeql/tools/linux64/scc --by-file --exclude-dir .git,.hg,.svn --format json --no-large --no-min .
[2025-08-02 17:35:19] Using configure-baseline script /home/saswath/tools/codeql/javascript/tools/configure-baseline.sh.
[2025-08-02 17:35:19] [PROGRESS] database init> Running command in /tmp/tmpcoam8vsk: [/home/saswath/tools/codeql/javascript/tools/configure-baseline.sh]
[2025-08-02 17:35:19] [SPAMMY] database init> Found 45 baseline files for javascript.
[2025-08-02 17:35:19] [PROGRESS] database init> Calculated baseline information for languages: javascript (64ms).
[2025-08-02 17:35:19] [PROGRESS] database init> Resolving extractor javascript.
[2025-08-02 17:35:19] [DETAILS] database init> Found candidate extractor root for javascript: /home/saswath/tools/codeql/javascript.
[2025-08-02 17:35:19] [PROGRESS] database init> Successfully loaded extractor JavaScript/TypeScript (javascript) from /home/saswath/tools/codeql/javascript.
[2025-08-02 17:35:19] [PROGRESS] database init> Created skeleton CodeQL database at /home/saswath/unified-security-dashboard/backend/codeql-db. This in-progress database is ready to be populated by an extractor.
[2025-08-02 17:35:19] Plumbing command codeql database init completed.
[2025-08-02 17:35:19] [PROGRESS] database create> Running build command: []
[2025-08-02 17:35:19] Running plumbing command: codeql database trace-command --working-dir=/tmp/tmpcoam8vsk --index-traceless-dbs --no-db-cluster -- /home/saswath/unified-security-dashboard/backend/codeql-db
[2025-08-02 17:35:19] Using autobuild script /home/saswath/tools/codeql/javascript/tools/autobuild.sh.
[2025-08-02 17:35:19] [PROGRESS] database trace-command> Running command in /tmp/tmpcoam8vsk: [/home/saswath/tools/codeql/javascript/tools/autobuild.sh]
[2025-08-02 17:35:19] [build-stdout] Single-threaded extraction.
[2025-08-02 17:35:19] [build-stdout] package.json: Main file set to server.js
[2025-08-02 17:35:19] [build-stdout] Extracting /tmp/tmpcoam8vsk/app/views/tutorial/a1.html
[2025-08-02 17:35:19] [build-stdout] Done extracting /tmp/tmpcoam8vsk/app/views/tutorial/a1.html (83 ms)
[2025-08-02 17:35:19] [build-stdout] Extracting /tmp/tmpcoam8vsk/app/views/tutorial/a10.html
[2025-08-02 17:35:19] [build-stdout] Done extracting /tmp/tmpcoam8vsk/app/views/tutorial/a10.html (4 ms)
[2025-08-02 17:35:19] [build-stdout] Extracting /tmp/tmpcoam8vsk/app/views/tutorial/a2.html
[2025-08-02 17:35:19] [build-stdout] Done extracting /tmp/tmpcoam8vsk/app/views/tutorial/a2.html (15 ms)
[2025-08-02 17:35:19] [build-stdout] Extracting /tmp/tmpcoam8vsk/app/views/tutorial/a3.html
[2025-08-02 17:35:19] [build-stdout] Done extracting /tmp/tmpcoam8vsk/app/views/tutorial/a3.html (7 ms)
[2025-08-02 17:35:19] [build-stdout] Extracting /tmp/tmpcoam8vsk/app/views/tutorial/a4.html
[2025-08-02 17:35:19] [build-stdout] Done extracting /tmp/tmpcoam8vsk/app/views/tutorial/a4.html (3 ms)
[2025-08-02 17:35:19] [build-stdout] Extracting /tmp/tmpcoam8vsk/app/views/tutorial/a5.html
[2025-08-02 17:35:19] [build-stdout] Done extracting /tmp/tmpcoam8vsk/app/views/tutorial/a5.html (3 ms)
[2025-08-02 17:35:19] [build-stdout] Extracting /tmp/tmpcoam8vsk/app/views/tutorial/a6.html
[2025-08-02 17:35:19] [build-stdout] Done extracting /tmp/tmpcoam8vsk/app/views/tutorial/a6.html (3 ms)
[2025-08-02 17:35:19] [build-stdout] Extracting /tmp/tmpcoam8vsk/app/views/tutorial/a7.html
[2025-08-02 17:35:19] [build-stdout] Done extracting /tmp/tmpcoam8vsk/app/views/tutorial/a7.html (4 ms)
[2025-08-02 17:35:19] [build-stdout] Extracting /tmp/tmpcoam8vsk/app/views/tutorial/a8.html
[2025-08-02 17:35:19] [build-stdout] Done extracting /tmp/tmpcoam8vsk/app/views/tutorial/a8.html (3 ms)
[2025-08-02 17:35:19] [build-stdout] Extracting /tmp/tmpcoam8vsk/app/views/tutorial/a9.html
[2025-08-02 17:35:19] [build-stdout] Done extracting /tmp/tmpcoam8vsk/app/views/tutorial/a9.html (4 ms)
[2025-08-02 17:35:19] [build-stdout] Extracting /tmp/tmpcoam8vsk/app/views/tutorial/layout.html
[2025-08-02 17:35:19] [build-stdout] Done extracting /tmp/tmpcoam8vsk/app/views/tutorial/layout.html (50 ms)
[2025-08-02 17:35:19] [build-stdout] Extracting /tmp/tmpcoam8vsk/app/views/tutorial/redos.html
[2025-08-02 17:35:19] [build-stdout] Done extracting /tmp/tmpcoam8vsk/app/views/tutorial/redos.html (2 ms)
[2025-08-02 17:35:19] [build-stdout] Extracting /tmp/tmpcoam8vsk/app/views/tutorial/ssrf.html
[2025-08-02 17:35:19] [build-stdout] Done extracting /tmp/tmpcoam8vsk/app/views/tutorial/ssrf.html (1 ms)
[2025-08-02 17:35:19] [build-stdout] Extracting /tmp/tmpcoam8vsk/app/views/allocations.html
[2025-08-02 17:35:19] [build-stdout] Done extracting /tmp/tmpcoam8vsk/app/views/allocations.html (6 ms)
[2025-08-02 17:35:19] [build-stdout] Extracting /tmp/tmpcoam8vsk/app/views/benefits.html
[2025-08-02 17:35:19] [build-stdout] Done extracting /tmp/tmpcoam8vsk/app/views/benefits.html (6 ms)
[2025-08-02 17:35:19] [build-stdout] Extracting /tmp/tmpcoam8vsk/app/views/contributions.html
[2025-08-02 17:35:19] [build-stdout] Done extracting /tmp/tmpcoam8vsk/app/views/contributions.html (7 ms)
[2025-08-02 17:35:19] [build-stdout] Extracting /tmp/tmpcoam8vsk/app/views/dashboard.html
[2025-08-02 17:35:19] [build-stdout] Done extracting /tmp/tmpcoam8vsk/app/views/dashboard.html (3 ms)
[2025-08-02 17:35:19] [build-stdout] Extracting /tmp/tmpcoam8vsk/app/views/error-template.html
[2025-08-02 17:35:19] [build-stdout] Done extracting /tmp/tmpcoam8vsk/app/views/error-template.html (1 ms)
[2025-08-02 17:35:19] [build-stdout] Extracting /tmp/tmpcoam8vsk/app/views/layout.html
[2025-08-02 17:35:19] [build-stdout] Done extracting /tmp/tmpcoam8vsk/app/views/layout.html (5 ms)
[2025-08-02 17:35:19] [build-stdout] Extracting /tmp/tmpcoam8vsk/app/views/login.html
[2025-08-02 17:35:19] [build-stdout] Done extracting /tmp/tmpcoam8vsk/app/views/login.html (16 ms)
[2025-08-02 17:35:19] [build-stdout] Extracting /tmp/tmpcoam8vsk/app/views/memos.html
[2025-08-02 17:35:19] [build-stdout] Done extracting /tmp/tmpcoam8vsk/app/views/memos.html (2 ms)
[2025-08-02 17:35:19] [build-stdout] Extracting /tmp/tmpcoam8vsk/app/views/profile.html
[2025-08-02 17:35:19] [build-stdout] Done extracting /tmp/tmpcoam8vsk/app/views/profile.html (6 ms)
[2025-08-02 17:35:19] [build-stdout] Extracting /tmp/tmpcoam8vsk/app/views/research.html
[2025-08-02 17:35:19] [build-stdout] Done extracting /tmp/tmpcoam8vsk/app/views/research.html (1 ms)
[2025-08-02 17:35:19] [build-stdout] Extracting /tmp/tmpcoam8vsk/app/views/signup.html
[2025-08-02 17:35:19] [build-stdout] Done extracting /tmp/tmpcoam8vsk/app/views/signup.html (7 ms)
[2025-08-02 17:35:19] [build-stdout] Extracting /tmp/tmpcoam8vsk/app/assets/js/chart/chart-data-morris.js
[2025-08-02 17:35:19] [build-stdout] Done extracting /tmp/tmpcoam8vsk/app/assets/js/chart/chart-data-morris.js (23 ms)
[2025-08-02 17:35:19] [build-stdout] Extracting /tmp/tmpcoam8vsk/app/assets/js/tour/redirects-steps.js
[2025-08-02 17:35:19] [build-stdout] Done extracting /tmp/tmpcoam8vsk/app/assets/js/tour/redirects-steps.js (5 ms)
[2025-08-02 17:35:19] [build-stdout] Extracting /tmp/tmpcoam8vsk/app/assets/vendor/bootstrap/bootstrap-tour.js
[2025-08-02 17:35:20] [build-stdout] Done extracting /tmp/tmpcoam8vsk/app/assets/vendor/bootstrap/bootstrap-tour.js (146 ms)
[2025-08-02 17:35:20] [build-stdout] Extracting /tmp/tmpcoam8vsk/app/assets/vendor/bootstrap/bootstrap.js
[2025-08-02 17:35:20] [build-stdout] Done extracting /tmp/tmpcoam8vsk/app/assets/vendor/bootstrap/bootstrap.js (230 ms)
[2025-08-02 17:35:20] [build-stdout] Extracting /tmp/tmpcoam8vsk/app/assets/vendor/html5shiv.js
[2025-08-02 17:35:20] [build-stdout] Done extracting /tmp/tmpcoam8vsk/app/assets/vendor/html5shiv.js (18 ms)
[2025-08-02 17:35:20] [build-stdout] Extracting /tmp/tmpcoam8vsk/test/e2e/integration/allocations_spec.js
[2025-08-02 17:35:20] [build-stdout] Done extracting /tmp/tmpcoam8vsk/test/e2e/integration/allocations_spec.js (9 ms)
[2025-08-02 17:35:20] [build-stdout] Extracting /tmp/tmpcoam8vsk/test/e2e/integration/benefits_spec.js
[2025-08-02 17:35:20] [build-stdout] Done extracting /tmp/tmpcoam8vsk/test/e2e/integration/benefits_spec.js (9 ms)
[2025-08-02 17:35:20] [build-stdout] Extracting /tmp/tmpcoam8vsk/test/e2e/integration/contributions_spec.js
[2025-08-02 17:35:20] [build-stdout] Done extracting /tmp/tmpcoam8vsk/test/e2e/integration/contributions_spec.js (8 ms)
[2025-08-02 17:35:20] [build-stdout] Extracting /tmp/tmpcoam8vsk/test/e2e/integration/dashboard_spec.js
[2025-08-02 17:35:20] [build-stdout] Done extracting /tmp/tmpcoam8vsk/test/e2e/integration/dashboard_spec.js (5 ms)
[2025-08-02 17:35:20] [build-stdout] Extracting /tmp/tmpcoam8vsk/test/e2e/integration/general_spec.js
[2025-08-02 17:35:20] [build-stdout] Done extracting /tmp/tmpcoam8vsk/test/e2e/integration/general_spec.js (11 ms)
[2025-08-02 17:35:20] [build-stdout] Extracting /tmp/tmpcoam8vsk/test/e2e/integration/learn_spec.js
[2025-08-02 17:35:20] [build-stdout] Done extracting /tmp/tmpcoam8vsk/test/e2e/integration/learn_spec.js (3 ms)
[2025-08-02 17:35:20] [build-stdout] Extracting /tmp/tmpcoam8vsk/test/e2e/integration/login_spec.js
[2025-08-02 17:35:20] [build-stdout] Done extracting /tmp/tmpcoam8vsk/test/e2e/integration/login_spec.js (17 ms)
[2025-08-02 17:35:20] [build-stdout] Extracting /tmp/tmpcoam8vsk/test/e2e/integration/logout_spec.js
[2025-08-02 17:35:20] [build-stdout] Done extracting /tmp/tmpcoam8vsk/test/e2e/integration/logout_spec.js (4 ms)
[2025-08-02 17:35:20] [build-stdout] Extracting /tmp/tmpcoam8vsk/test/e2e/integration/memos_spec.js
[2025-08-02 17:35:20] [build-stdout] Done extracting /tmp/tmpcoam8vsk/test/e2e/integration/memos_spec.js (8 ms)
[2025-08-02 17:35:20] [build-stdout] Extracting /tmp/tmpcoam8vsk/test/e2e/integration/profile_spec.js
[2025-08-02 17:35:20] [build-stdout] Done extracting /tmp/tmpcoam8vsk/test/e2e/integration/profile_spec.js (8 ms)
[2025-08-02 17:35:20] [build-stdout] Extracting /tmp/tmpcoam8vsk/test/e2e/integration/research_spec.js
[2025-08-02 17:35:20] [build-stdout] Done extracting /tmp/tmpcoam8vsk/test/e2e/integration/research_spec.js (6 ms)
[2025-08-02 17:35:20] [build-stdout] Extracting /tmp/tmpcoam8vsk/test/e2e/integration/signup_spec.js
[2025-08-02 17:35:20] [build-stdout] Done extracting /tmp/tmpcoam8vsk/test/e2e/integration/signup_spec.js (9 ms)
[2025-08-02 17:35:20] [build-stdout] Extracting /tmp/tmpcoam8vsk/test/e2e/integration/tutorial_spec.js
[2025-08-02 17:35:20] [build-stdout] Done extracting /tmp/tmpcoam8vsk/test/e2e/integration/tutorial_spec.js (10 ms)
[2025-08-02 17:35:20] [build-stdout] Extracting /tmp/tmpcoam8vsk/test/e2e/plugins/index.js
[2025-08-02 17:35:20] [build-stdout] Done extracting /tmp/tmpcoam8vsk/test/e2e/plugins/index.js (5 ms)
[2025-08-02 17:35:20] [build-stdout] Extracting /tmp/tmpcoam8vsk/test/e2e/support/commands.js
[2025-08-02 17:35:20] [build-stdout] Done extracting /tmp/tmpcoam8vsk/test/e2e/support/commands.js (7 ms)
[2025-08-02 17:35:20] [build-stdout] Extracting /tmp/tmpcoam8vsk/test/e2e/support/index.js
[2025-08-02 17:35:20] [build-stdout] Done extracting /tmp/tmpcoam8vsk/test/e2e/support/index.js (1 ms)
[2025-08-02 17:35:20] [build-stdout] Extracting /tmp/tmpcoam8vsk/.github/workflows/e2e-test.yml
[2025-08-02 17:35:20] [build-stdout] Done extracting /tmp/tmpcoam8vsk/.github/workflows/e2e-test.yml (27 ms)
[2025-08-02 17:35:20] [build-stdout] Extracting /tmp/tmpcoam8vsk/.github/workflows/lint.yml
[2025-08-02 17:35:20] [build-stdout] Done extracting /tmp/tmpcoam8vsk/.github/workflows/lint.yml (2 ms)
[2025-08-02 17:35:20] [build-stdout] Extracting /tmp/tmpcoam8vsk/app/data/allocations-dao.js
[2025-08-02 17:35:20] [build-stdout] Done extracting /tmp/tmpcoam8vsk/app/data/allocations-dao.js (10 ms)
[2025-08-02 17:35:20] [build-stdout] Extracting /tmp/tmpcoam8vsk/app/data/benefits-dao.js
[2025-08-02 17:35:20] [build-stdout] Done extracting /tmp/tmpcoam8vsk/app/data/benefits-dao.js (4 ms)
[2025-08-02 17:35:20] [build-stdout] Extracting /tmp/tmpcoam8vsk/app/data/contributions-dao.js
[2025-08-02 17:35:20] [build-stdout] Done extracting /tmp/tmpcoam8vsk/app/data/contributions-dao.js (9 ms)
[2025-08-02 17:35:20] [build-stdout] Extracting /tmp/tmpcoam8vsk/app/data/memos-dao.js
[2025-08-02 17:35:20] [build-stdout] Done extracting /tmp/tmpcoam8vsk/app/data/memos-dao.js (5 ms)
[2025-08-02 17:35:20] [build-stdout] Extracting /tmp/tmpcoam8vsk/app/data/profile-dao.js
[2025-08-02 17:35:20] [build-stdout] Done extracting /tmp/tmpcoam8vsk/app/data/profile-dao.js (9 ms)
[2025-08-02 17:35:20] [build-stdout] Extracting /tmp/tmpcoam8vsk/app/data/research-dao.js
[2025-08-02 17:35:20] [build-stdout] Done extracting /tmp/tmpcoam8vsk/app/data/research-dao.js (3 ms)
[2025-08-02 17:35:20] [build-stdout] Extracting /tmp/tmpcoam8vsk/app/data/user-dao.js
[2025-08-02 17:35:20] [build-stdout] Done extracting /tmp/tmpcoam8vsk/app/data/user-dao.js (18 ms)
[2025-08-02 17:35:20] [build-stdout] Extracting /tmp/tmpcoam8vsk/app/routes/allocations.js
[2025-08-02 17:35:20] [build-stdout] Done extracting /tmp/tmpcoam8vsk/app/routes/allocations.js (4 ms)
[2025-08-02 17:35:20] [build-stdout] Extracting /tmp/tmpcoam8vsk/app/routes/benefits.js
[2025-08-02 17:35:20] [build-stdout] Done extracting /tmp/tmpcoam8vsk/app/routes/benefits.js (6 ms)
[2025-08-02 17:35:20] [build-stdout] Extracting /tmp/tmpcoam8vsk/app/routes/contributions.js
[2025-08-02 17:35:20] [build-stdout] Done extracting /tmp/tmpcoam8vsk/app/routes/contributions.js (10 ms)
[2025-08-02 17:35:20] [build-stdout] Extracting /tmp/tmpcoam8vsk/app/routes/error.js
[2025-08-02 17:35:20] [build-stdout] Done extracting /tmp/tmpcoam8vsk/app/routes/error.js (3 ms)
[2025-08-02 17:35:20] [build-stdout] Extracting /tmp/tmpcoam8vsk/app/routes/index.js
[2025-08-02 17:35:20] [build-stdout] Done extracting /tmp/tmpcoam8vsk/app/routes/index.js (12 ms)
[2025-08-02 17:35:20] [build-stdout] Extracting /tmp/tmpcoam8vsk/app/routes/memos.js
[2025-08-02 17:35:20] [build-stdout] Done extracting /tmp/tmpcoam8vsk/app/routes/memos.js (5 ms)
[2025-08-02 17:35:20] [build-stdout] Extracting /tmp/tmpcoam8vsk/app/routes/profile.js
[2025-08-02 17:35:20] [build-stdout] Done extracting /tmp/tmpcoam8vsk/app/routes/profile.js (11 ms)
[2025-08-02 17:35:20] [build-stdout] Extracting /tmp/tmpcoam8vsk/app/routes/research.js
[2025-08-02 17:35:20] [build-stdout] Done extracting /tmp/tmpcoam8vsk/app/routes/research.js (6 ms)
[2025-08-02 17:35:20] [build-stdout] Extracting /tmp/tmpcoam8vsk/app/routes/session.js
[2025-08-02 17:35:20] [build-stdout] Done extracting /tmp/tmpcoam8vsk/app/routes/session.js (39 ms)
[2025-08-02 17:35:20] [build-stdout] Extracting /tmp/tmpcoam8vsk/app/routes/tutorial.js
[2025-08-02 17:35:20] [build-stdout] Done extracting /tmp/tmpcoam8vsk/app/routes/tutorial.js (6 ms)
[2025-08-02 17:35:20] [build-stdout] Extracting /tmp/tmpcoam8vsk/config/env/all.js
[2025-08-02 17:35:20] [build-stdout] Done extracting /tmp/tmpcoam8vsk/config/env/all.js (3 ms)
[2025-08-02 17:35:20] [build-stdout] Extracting /tmp/tmpcoam8vsk/config/env/development.js
[2025-08-02 17:35:20] [build-stdout] Done extracting /tmp/tmpcoam8vsk/config/env/development.js (2 ms)
[2025-08-02 17:35:20] [build-stdout] Extracting /tmp/tmpcoam8vsk/config/env/production.js
[2025-08-02 17:35:20] [build-stdout] Done extracting /tmp/tmpcoam8vsk/config/env/production.js (1 ms)
[2025-08-02 17:35:20] [build-stdout] Extracting /tmp/tmpcoam8vsk/config/env/test.js
[2025-08-02 17:35:20] [build-stdout] Done extracting /tmp/tmpcoam8vsk/config/env/test.js (2 ms)
[2025-08-02 17:35:20] [build-stdout] Extracting /tmp/tmpcoam8vsk/test/e2e/tsconfig.json
[2025-08-02 17:35:20] [build-stdout] Done extracting /tmp/tmpcoam8vsk/test/e2e/tsconfig.json (3 ms)
[2025-08-02 17:35:20] [build-stdout] Extracting /tmp/tmpcoam8vsk/test/security/profile-test.js
[2025-08-02 17:35:20] [build-stdout] Done extracting /tmp/tmpcoam8vsk/test/security/profile-test.js (48 ms)
[2025-08-02 17:35:20] [build-stdout] Extracting /tmp/tmpcoam8vsk/artifacts/db-reset.js
[2025-08-02 17:35:20] [build-stdout] Done extracting /tmp/tmpcoam8vsk/artifacts/db-reset.js (19 ms)
[2025-08-02 17:35:20] [build-stdout] Extracting /tmp/tmpcoam8vsk/config/config.js
[2025-08-02 17:35:20] [build-stdout] Done extracting /tmp/tmpcoam8vsk/config/config.js (5 ms)
[2025-08-02 17:35:20] [build-stdout] Extracting /tmp/tmpcoam8vsk/.travis.yml
[2025-08-02 17:35:20] [build-stdout] Done extracting /tmp/tmpcoam8vsk/.travis.yml (5 ms)
[2025-08-02 17:35:20] [build-stdout] Extracting /tmp/tmpcoam8vsk/Gruntfile.js
[2025-08-02 17:35:20] [build-stdout] Done extracting /tmp/tmpcoam8vsk/Gruntfile.js (18 ms)
[2025-08-02 17:35:20] [build-stdout] Extracting /tmp/tmpcoam8vsk/docker-compose.yml
[2025-08-02 17:35:20] [build-stdout] Done extracting /tmp/tmpcoam8vsk/docker-compose.yml (2 ms)
[2025-08-02 17:35:20] [build-stdout] Extracting /tmp/tmpcoam8vsk/package.json
[2025-08-02 17:35:20] [build-stdout] Done extracting /tmp/tmpcoam8vsk/package.json (2 ms)
[2025-08-02 17:35:20] [build-stdout] Extracting /tmp/tmpcoam8vsk/server.js
[2025-08-02 17:35:20] [build-stdout] Done extracting /tmp/tmpcoam8vsk/server.js (14 ms)
[2025-08-02 17:35:20] [build-stderr] No externs trap cache found
[2025-08-02 17:35:20] [build-stdout] Extracting /home/saswath/tools/codeql/javascript/tools/data/externs/nodejs/child_process.js
[2025-08-02 17:35:20] [build-stdout] Done extracting /home/saswath/tools/codeql/javascript/tools/data/externs/nodejs/child_process.js (63 ms)
[2025-08-02 17:35:20] [build-stdout] Extracting /home/saswath/tools/codeql/javascript/tools/data/externs/nodejs/zlib.js
[2025-08-02 17:35:20] [build-stdout] Done extracting /home/saswath/tools/codeql/javascript/tools/data/externs/nodejs/zlib.js (30 ms)
[2025-08-02 17:35:20] [build-stdout] Extracting /home/saswath/tools/codeql/javascript/tools/data/externs/nodejs/crypto.js
[2025-08-02 17:35:21] [build-stdout] Done extracting /home/saswath/tools/codeql/javascript/tools/data/externs/nodejs/crypto.js (56 ms)
[2025-08-02 17:35:21] [build-stdout] Extracting /home/saswath/tools/codeql/javascript/tools/data/externs/nodejs/url.js
[2025-08-02 17:35:21] [build-stdout] Done extracting /home/saswath/tools/codeql/javascript/tools/data/externs/nodejs/url.js (6 ms)
[2025-08-02 17:35:21] [build-stdout] Extracting /home/saswath/tools/codeql/javascript/tools/data/externs/nodejs/console.js
[2025-08-02 17:35:21] [build-stdout] Done extracting /home/saswath/tools/codeql/javascript/tools/data/externs/nodejs/console.js (2 ms)
[2025-08-02 17:35:21] [build-stdout] Extracting /home/saswath/tools/codeql/javascript/tools/data/externs/nodejs/buffer.js
[2025-08-02 17:35:21] [build-stdout] Done extracting /home/saswath/tools/codeql/javascript/tools/data/externs/nodejs/buffer.js (9 ms)
[2025-08-02 17:35:21] [build-stdout] Extracting /home/saswath/tools/codeql/javascript/tools/data/externs/nodejs/os.js
[2025-08-02 17:35:21] [build-stdout] Done extracting /home/saswath/tools/codeql/javascript/tools/data/externs/nodejs/os.js (16 ms)
[2025-08-02 17:35:21] [build-stdout] Extracting /home/saswath/tools/codeql/javascript/tools/data/externs/nodejs/events.js
[2025-08-02 17:35:21] [build-stdout] Done extracting /home/saswath/tools/codeql/javascript/tools/data/externs/nodejs/events.js (8 ms)
[2025-08-02 17:35:21] [build-stdout] Extracting /home/saswath/tools/codeql/javascript/tools/data/externs/nodejs/v8.js
[2025-08-02 17:35:21] [build-stdout] Done extracting /home/saswath/tools/codeql/javascript/tools/data/externs/nodejs/v8.js (5 ms)
[2025-08-02 17:35:21] [build-stdout] Extracting /home/saswath/tools/codeql/javascript/tools/data/externs/nodejs/dns.js
[2025-08-02 17:35:21] [build-stdout] Done extracting /home/saswath/tools/codeql/javascript/tools/data/externs/nodejs/dns.js (17 ms)
[2025-08-02 17:35:21] [build-stdout] Extracting /home/saswath/tools/codeql/javascript/tools/data/externs/nodejs/domain.js
[2025-08-02 17:35:21] [build-stdout] Done extracting /home/saswath/tools/codeql/javascript/tools/data/externs/nodejs/domain.js (7 ms)
[2025-08-02 17:35:21] [build-stdout] Extracting /home/saswath/tools/codeql/javascript/tools/data/externs/nodejs/tty.js
[2025-08-02 17:35:21] [build-stdout] Done extracting /home/saswath/tools/codeql/javascript/tools/data/externs/nodejs/tty.js (9 ms)
[2025-08-02 17:35:21] [build-stdout] Extracting /home/saswath/tools/codeql/javascript/tools/data/externs/nodejs/process.js
[2025-08-02 17:35:21] [build-stdout] Done extracting /home/saswath/tools/codeql/javascript/tools/data/externs/nodejs/process.js (2 ms)
[2025-08-02 17:35:21] [build-stdout] Extracting /home/saswath/tools/codeql/javascript/tools/data/externs/nodejs/vm.js
[2025-08-02 17:35:21] [build-stdout] Done extracting /home/saswath/tools/codeql/javascript/tools/data/externs/nodejs/vm.js (12 ms)
[2025-08-02 17:35:21] [build-stdout] Extracting /home/saswath/tools/codeql/javascript/tools/data/externs/nodejs/querystring.js
[2025-08-02 17:35:21] [build-stdout] Done extracting /home/saswath/tools/codeql/javascript/tools/data/externs/nodejs/querystring.js (7 ms)
[2025-08-02 17:35:21] [build-stdout] Extracting /home/saswath/tools/codeql/javascript/tools/data/externs/nodejs/assert.js
[2025-08-02 17:35:21] [build-stdout] Done extracting /home/saswath/tools/codeql/javascript/tools/data/externs/nodejs/assert.js (11 ms)
[2025-08-02 17:35:21] [build-stdout] Extracting /home/saswath/tools/codeql/javascript/tools/data/externs/nodejs/globals.js
[2025-08-02 17:35:21] [build-stdout] Done extracting /home/saswath/tools/codeql/javascript/tools/data/externs/nodejs/globals.js (102 ms)
[2025-08-02 17:35:21] [build-stdout] Extracting /home/saswath/tools/codeql/javascript/tools/data/externs/nodejs/assert_legacy.js
[2025-08-02 17:35:21] [build-stdout] Done extracting /home/saswath/tools/codeql/javascript/tools/data/externs/nodejs/assert_legacy.js (1 ms)
[2025-08-02 17:35:21] [build-stdout] Extracting /home/saswath/tools/codeql/javascript/tools/data/externs/nodejs/path.js
[2025-08-02 17:35:21] [build-stdout] Done extracting /home/saswath/tools/codeql/javascript/tools/data/externs/nodejs/path.js (18 ms)
[2025-08-02 17:35:21] [build-stdout] Extracting /home/saswath/tools/codeql/javascript/tools/data/externs/nodejs/stream.js
[2025-08-02 17:35:21] [build-stdout] Done extracting /home/saswath/tools/codeql/javascript/tools/data/externs/nodejs/stream.js (49 ms)
[2025-08-02 17:35:21] [build-stdout] Extracting /home/saswath/tools/codeql/javascript/tools/data/externs/nodejs/constants.js
[2025-08-02 17:35:21] [build-stdout] Done extracting /home/saswath/tools/codeql/javascript/tools/data/externs/nodejs/constants.js (83 ms)
[2025-08-02 17:35:21] [build-stdout] Extracting /home/saswath/tools/codeql/javascript/tools/data/externs/nodejs/punycode.js
[2025-08-02 17:35:21] [build-stdout] Done extracting /home/saswath/tools/codeql/javascript/tools/data/externs/nodejs/punycode.js (4 ms)
[2025-08-02 17:35:21] [build-stdout] Extracting /home/saswath/tools/codeql/javascript/tools/data/externs/nodejs/net.js
[2025-08-02 17:35:21] [build-stdout] Done extracting /home/saswath/tools/codeql/javascript/tools/data/externs/nodejs/net.js (22 ms)
[2025-08-02 17:35:21] [build-stdout] Extracting /home/saswath/tools/codeql/javascript/tools/data/externs/nodejs/https.js
[2025-08-02 17:35:21] [build-stdout] Done extracting /home/saswath/tools/codeql/javascript/tools/data/externs/nodejs/https.js (10 ms)
[2025-08-02 17:35:21] [build-stdout] Extracting /home/saswath/tools/codeql/javascript/tools/data/externs/nodejs/tls.js
[2025-08-02 17:35:21] [build-stdout] Done extracting /home/saswath/tools/codeql/javascript/tools/data/externs/nodejs/tls.js (25 ms)
[2025-08-02 17:35:21] [build-stdout] Extracting /home/saswath/tools/codeql/javascript/tools/data/externs/nodejs/module.js
[2025-08-02 17:35:21] [build-stdout] Done extracting /home/saswath/tools/codeql/javascript/tools/data/externs/nodejs/module.js (4 ms)
[2025-08-02 17:35:21] [build-stdout] Extracting /home/saswath/tools/codeql/javascript/tools/data/externs/nodejs/timers.js
[2025-08-02 17:35:21] [build-stdout] Done extracting /home/saswath/tools/codeql/javascript/tools/data/externs/nodejs/timers.js (6 ms)
[2025-08-02 17:35:21] [build-stdout] Extracting /home/saswath/tools/codeql/javascript/tools/data/externs/nodejs/http.js
[2025-08-02 17:35:21] [build-stdout] Done extracting /home/saswath/tools/codeql/javascript/tools/data/externs/nodejs/http.js (26 ms)
[2025-08-02 17:35:21] [build-stdout] Extracting /home/saswath/tools/codeql/javascript/tools/data/externs/nodejs/dgram.js
[2025-08-02 17:35:21] [build-stdout] Done extracting /home/saswath/tools/codeql/javascript/tools/data/externs/nodejs/dgram.js (9 ms)
[2025-08-02 17:35:21] [build-stdout] Extracting /home/saswath/tools/codeql/javascript/tools/data/externs/nodejs/sys.js
[2025-08-02 17:35:21] [build-stdout] Done extracting /home/saswath/tools/codeql/javascript/tools/data/externs/nodejs/sys.js (2 ms)
[2025-08-02 17:35:21] [build-stdout] Extracting /home/saswath/tools/codeql/javascript/tools/data/externs/nodejs/repl.js
[2025-08-02 17:35:21] [build-stdout] Done extracting /home/saswath/tools/codeql/javascript/tools/data/externs/nodejs/repl.js (6 ms)
[2025-08-02 17:35:21] [build-stdout] Extracting /home/saswath/tools/codeql/javascript/tools/data/externs/nodejs/readline.js
[2025-08-02 17:35:21] [build-stdout] Done extracting /home/saswath/tools/codeql/javascript/tools/data/externs/nodejs/readline.js (12 ms)
[2025-08-02 17:35:21] [build-stdout] Extracting /home/saswath/tools/codeql/javascript/tools/data/externs/nodejs/fs.js
[2025-08-02 17:35:21] [build-stdout] Done extracting /home/saswath/tools/codeql/javascript/tools/data/externs/nodejs/fs.js (85 ms)
[2025-08-02 17:35:21] [build-stdout] Extracting /home/saswath/tools/codeql/javascript/tools/data/externs/nodejs/string_decoder.js
[2025-08-02 17:35:21] [build-stdout] Done extracting /home/saswath/tools/codeql/javascript/tools/data/externs/nodejs/string_decoder.js (4 ms)
[2025-08-02 17:35:21] [build-stdout] Extracting /home/saswath/tools/codeql/javascript/tools/data/externs/nodejs/cluster.js
[2025-08-02 17:35:21] [build-stdout] Done extracting /home/saswath/tools/codeql/javascript/tools/data/externs/nodejs/cluster.js (54 ms)
[2025-08-02 17:35:21] [build-stdout] Extracting /home/saswath/tools/codeql/javascript/tools/data/externs/nodejs/util.js
[2025-08-02 17:35:21] [build-stdout] Done extracting /home/saswath/tools/codeql/javascript/tools/data/externs/nodejs/util.js (13 ms)
[2025-08-02 17:35:21] [build-stdout] Extracting /home/saswath/tools/codeql/javascript/tools/data/externs/vm/spidermonkey.js
[2025-08-02 17:35:21] [build-stdout] Done extracting /home/saswath/tools/codeql/javascript/tools/data/externs/vm/spidermonkey.js (1 ms)
[2025-08-02 17:35:21] [build-stdout] Extracting /home/saswath/tools/codeql/javascript/tools/data/externs/vm/rhino.js
[2025-08-02 17:35:21] [build-stdout] Done extracting /home/saswath/tools/codeql/javascript/tools/data/externs/vm/rhino.js (3 ms)
[2025-08-02 17:35:21] [build-stdout] Extracting /home/saswath/tools/codeql/javascript/tools/data/externs/vm/v8.js
[2025-08-02 17:35:21] [build-stdout] Done extracting /home/saswath/tools/codeql/javascript/tools/data/externs/vm/v8.js (4 ms)
[2025-08-02 17:35:21] [build-stdout] Extracting /home/saswath/tools/codeql/javascript/tools/data/externs/vm/jsshell.js
[2025-08-02 17:35:21] [build-stdout] Done extracting /home/saswath/tools/codeql/javascript/tools/data/externs/vm/jsshell.js (26 ms)
[2025-08-02 17:35:21] [build-stdout] Extracting /home/saswath/tools/codeql/javascript/tools/data/externs/es/es3.js
[2025-08-02 17:35:21] [build-stdout] Done extracting /home/saswath/tools/codeql/javascript/tools/data/externs/es/es3.js (77 ms)
[2025-08-02 17:35:21] [build-stdout] Extracting /home/saswath/tools/codeql/javascript/tools/data/externs/es/es6.js
[2025-08-02 17:35:21] [build-stdout] Done extracting /home/saswath/tools/codeql/javascript/tools/data/externs/es/es6.js (59 ms)
[2025-08-02 17:35:21] [build-stdout] Extracting /home/saswath/tools/codeql/javascript/tools/data/externs/es/es2017.js
[2025-08-02 17:35:21] [build-stdout] Done extracting /home/saswath/tools/codeql/javascript/tools/data/externs/es/es2017.js (2 ms)
[2025-08-02 17:35:21] [build-stdout] Extracting /home/saswath/tools/codeql/javascript/tools/data/externs/es/es6_collections.js
[2025-08-02 17:35:21] [build-stdout] Done extracting /home/saswath/tools/codeql/javascript/tools/data/externs/es/es6_collections.js (8 ms)
[2025-08-02 17:35:21] [build-stdout] Extracting /home/saswath/tools/codeql/javascript/tools/data/externs/es/intl.js
[2025-08-02 17:35:21] [build-stdout] Done extracting /home/saswath/tools/codeql/javascript/tools/data/externs/es/intl.js (8 ms)
[2025-08-02 17:35:21] [build-stdout] Extracting /home/saswath/tools/codeql/javascript/tools/data/externs/es/proxy.js
[2025-08-02 17:35:21] [build-stdout] Done extracting /home/saswath/tools/codeql/javascript/tools/data/externs/es/proxy.js (1 ms)
[2025-08-02 17:35:21] [build-stdout] Extracting /home/saswath/tools/codeql/javascript/tools/data/externs/es/es5.js
[2025-08-02 17:35:21] [build-stdout] Done extracting /home/saswath/tools/codeql/javascript/tools/data/externs/es/es5.js (9 ms)
[2025-08-02 17:35:21] [build-stdout] Extracting /home/saswath/tools/codeql/javascript/tools/data/externs/es/es2016.js
[2025-08-02 17:35:21] [build-stdout] Done extracting /home/saswath/tools/codeql/javascript/tools/data/externs/es/es2016.js (1 ms)
[2025-08-02 17:35:21] [build-stdout] Extracting /home/saswath/tools/codeql/javascript/tools/data/externs/lib/jquery-3.2.js
[2025-08-02 17:35:21] [build-stdout] Done extracting /home/saswath/tools/codeql/javascript/tools/data/externs/lib/jquery-3.2.js (97 ms)
[2025-08-02 17:35:21] [build-stdout] Extracting /home/saswath/tools/codeql/javascript/tools/data/externs/lib/should.js
[2025-08-02 17:35:21] [build-stdout] Done extracting /home/saswath/tools/codeql/javascript/tools/data/externs/lib/should.js (11 ms)
[2025-08-02 17:35:21] [build-stdout] Extracting /home/saswath/tools/codeql/javascript/tools/data/externs/lib/bdd.js
[2025-08-02 17:35:21] [build-stdout] Done extracting /home/saswath/tools/codeql/javascript/tools/data/externs/lib/bdd.js (4 ms)
[2025-08-02 17:35:21] [build-stdout] Extracting /home/saswath/tools/codeql/javascript/tools/data/externs/lib/vows.js
[2025-08-02 17:35:22] [build-stdout] Done extracting /home/saswath/tools/codeql/javascript/tools/data/externs/lib/vows.js (16 ms)
[2025-08-02 17:35:22] [build-stdout] Extracting /home/saswath/tools/codeql/javascript/tools/data/externs/web/html5.js
[2025-08-02 17:35:22] [build-stdout] Done extracting /home/saswath/tools/codeql/javascript/tools/data/externs/web/html5.js (154 ms)
[2025-08-02 17:35:22] [build-stdout] Extracting /home/saswath/tools/codeql/javascript/tools/data/externs/web/whatwg_encoding.js
[2025-08-02 17:35:22] [build-stdout] Done extracting /home/saswath/tools/codeql/javascript/tools/data/externs/web/whatwg_encoding.js (2 ms)
[2025-08-02 17:35:22] [build-stdout] Extracting /home/saswath/tools/codeql/javascript/tools/data/externs/web/webstorage.js
[2025-08-02 17:35:22] [build-stdout] Done extracting /home/saswath/tools/codeql/javascript/tools/data/externs/web/webstorage.js (4 ms)
[2025-08-02 17:35:22] [build-stdout] Extracting /home/saswath/tools/codeql/javascript/tools/data/externs/web/w3c_screen_orientation.js
[2025-08-02 17:35:22] [build-stdout] Done extracting /home/saswath/tools/codeql/javascript/tools/data/externs/web/w3c_screen_orientation.js (2 ms)
[2025-08-02 17:35:22] [build-stdout] Extracting /home/saswath/tools/codeql/javascript/tools/data/externs/web/w3c_anim_timing.js
[2025-08-02 17:35:22] [build-stdout] Done extracting /home/saswath/tools/codeql/javascript/tools/data/externs/web/w3c_anim_timing.js (4 ms)
[2025-08-02 17:35:22] [build-stdout] Extracting /home/saswath/tools/codeql/javascript/tools/data/externs/web/w3c_rtc.js
[2025-08-02 17:35:22] [build-stdout] Done extracting /home/saswath/tools/codeql/javascript/tools/data/externs/web/w3c_rtc.js (81 ms)
[2025-08-02 17:35:22] [build-stdout] Extracting /home/saswath/tools/codeql/javascript/tools/data/externs/web/url.js
[2025-08-02 17:35:22] [build-stdout] Done extracting /home/saswath/tools/codeql/javascript/tools/data/externs/web/url.js (5 ms)
[2025-08-02 17:35:22] [build-stdout] Extracting /home/saswath/tools/codeql/javascript/tools/data/externs/web/w3c_dom1.js
[2025-08-02 17:35:22] [build-stdout] Done extracting /home/saswath/tools/codeql/javascript/tools/data/externs/web/w3c_dom1.js (37 ms)
[2025-08-02 17:35:22] [build-stdout] Extracting /home/saswath/tools/codeql/javascript/tools/data/externs/web/w3c_serviceworker.js
[2025-08-02 17:35:22] [build-stdout] Done extracting /home/saswath/tools/codeql/javascript/tools/data/externs/web/w3c_serviceworker.js (25 ms)
[2025-08-02 17:35:22] [build-stdout] Extracting /home/saswath/tools/codeql/javascript/tools/data/externs/web/w3c_pointer_events.js
[2025-08-02 17:35:22] [build-stdout] Done extracting /home/saswath/tools/codeql/javascript/tools/data/externs/web/w3c_pointer_events.js (5 ms)
[2025-08-02 17:35:22] [build-stdout] Extracting /home/saswath/tools/codeql/javascript/tools/data/externs/web/fileapi.js
[2025-08-02 17:35:22] [build-stdout] Done extracting /home/saswath/tools/codeql/javascript/tools/data/externs/web/fileapi.js (41 ms)
[2025-08-02 17:35:22] [build-stdout] Extracting /home/saswath/tools/codeql/javascript/tools/data/externs/web/w3c_event.js
[2025-08-02 17:35:22] [build-stdout] Done extracting /home/saswath/tools/codeql/javascript/tools/data/externs/web/w3c_event.js (22 ms)
[2025-08-02 17:35:22] [build-stdout] Extracting /home/saswath/tools/codeql/javascript/tools/data/externs/web/w3c_elementtraversal.js
[2025-08-02 17:35:22] [build-stdout] Done extracting /home/saswath/tools/codeql/javascript/tools/data/externs/web/w3c_elementtraversal.js (2 ms)
[2025-08-02 17:35:22] [build-stdout] Extracting /home/saswath/tools/codeql/javascript/tools/data/externs/web/ie_vml.js
[2025-08-02 17:35:22] [build-stdout] Done extracting /home/saswath/tools/codeql/javascript/tools/data/externs/web/ie_vml.js (2 ms)
[2025-08-02 17:35:22] [build-stdout] Extracting /home/saswath/tools/codeql/javascript/tools/data/externs/web/webkit_notifications.js
[2025-08-02 17:35:22] [build-stdout] Done extracting /home/saswath/tools/codeql/javascript/tools/data/externs/web/webkit_notifications.js (8 ms)
[2025-08-02 17:35:22] [build-stdout] Extracting /home/saswath/tools/codeql/javascript/tools/data/externs/web/ie_event.js
[2025-08-02 17:35:22] [build-stdout] Done extracting /home/saswath/tools/codeql/javascript/tools/data/externs/web/ie_event.js (10 ms)
[2025-08-02 17:35:22] [build-stdout] Extracting /home/saswath/tools/codeql/javascript/tools/data/externs/web/w3c_midi.js
[2025-08-02 17:35:22] [build-stdout] Done extracting /home/saswath/tools/codeql/javascript/tools/data/externs/web/w3c_midi.js (8 ms)
[2025-08-02 17:35:22] [build-stdout] Extracting /home/saswath/tools/codeql/javascript/tools/data/externs/web/gecko_ext.js
[2025-08-02 17:35:22] [build-stdout] Done extracting /home/saswath/tools/codeql/javascript/tools/data/externs/web/gecko_ext.js (1 ms)
[2025-08-02 17:35:22] [build-stdout] Extracting /home/saswath/tools/codeql/javascript/tools/data/externs/web/w3c_xml.js
[2025-08-02 17:35:22] [build-stdout] Done extracting /home/saswath/tools/codeql/javascript/tools/data/externs/web/w3c_xml.js (13 ms)
[2025-08-02 17:35:22] [build-stdout] Extracting /home/saswath/tools/codeql/javascript/tools/data/externs/web/fetchapi.js
[2025-08-02 17:35:22] [build-stdout] Done extracting /home/saswath/tools/codeql/javascript/tools/data/externs/web/fetchapi.js (17 ms)
[2025-08-02 17:35:22] [build-stdout] Extracting /home/saswath/tools/codeql/javascript/tools/data/externs/web/flash.js
[2025-08-02 17:35:22] [build-stdout] Done extracting /home/saswath/tools/codeql/javascript/tools/data/externs/web/flash.js (8 ms)
[2025-08-02 17:35:22] [build-stdout] Extracting /home/saswath/tools/codeql/javascript/tools/data/externs/web/w3c_encoding.js
[2025-08-02 17:35:22] [build-stdout] Done extracting /home/saswath/tools/codeql/javascript/tools/data/externs/web/w3c_encoding.js (2 ms)
[2025-08-02 17:35:22] [build-stdout] Extracting /home/saswath/tools/codeql/javascript/tools/data/externs/web/w3c_dom4.js
[2025-08-02 17:35:22] [build-stdout] Done extracting /home/saswath/tools/codeql/javascript/tools/data/externs/web/w3c_dom4.js (2 ms)
[2025-08-02 17:35:22] [build-stdout] Extracting /home/saswath/tools/codeql/javascript/tools/data/externs/web/w3c_navigation_timing.js
[2025-08-02 17:35:22] [build-stdout] Done extracting /home/saswath/tools/codeql/javascript/tools/data/externs/web/w3c_navigation_timing.js (11 ms)
[2025-08-02 17:35:22] [build-stdout] Extracting /home/saswath/tools/codeql/javascript/tools/data/externs/web/w3c_selectors.js
[2025-08-02 17:35:22] [build-stdout] Done extracting /home/saswath/tools/codeql/javascript/tools/data/externs/web/w3c_selectors.js (3 ms)
[2025-08-02 17:35:22] [build-stdout] Extracting /home/saswath/tools/codeql/javascript/tools/data/externs/web/w3c_device_sensor_event.js
[2025-08-02 17:35:22] [build-stdout] Done extracting /home/saswath/tools/codeql/javascript/tools/data/externs/web/w3c_device_sensor_event.js (3 ms)
[2025-08-02 17:35:22] [build-stdout] Extracting /home/saswath/tools/codeql/javascript/tools/data/externs/web/webkit_css.js
[2025-08-02 17:35:22] [build-stdout] Done extracting /home/saswath/tools/codeql/javascript/tools/data/externs/web/webkit_css.js (48 ms)
[2025-08-02 17:35:22] [build-stdout] Extracting /home/saswath/tools/codeql/javascript/tools/data/externs/web/page_visibility.js
[2025-08-02 17:35:22] [build-stdout] Done extracting /home/saswath/tools/codeql/javascript/tools/data/externs/web/page_visibility.js (1 ms)
[2025-08-02 17:35:22] [build-stdout] Extracting /home/saswath/tools/codeql/javascript/tools/data/externs/web/w3c_touch_event.js
[2025-08-02 17:35:22] [build-stdout] Done extracting /home/saswath/tools/codeql/javascript/tools/data/externs/web/w3c_touch_event.js (8 ms)
[2025-08-02 17:35:22] [build-stdout] Extracting /home/saswath/tools/codeql/javascript/tools/data/externs/web/w3c_dom2.js
[2025-08-02 17:35:22] [build-stdout] Done extracting /home/saswath/tools/codeql/javascript/tools/data/externs/web/w3c_dom2.js (70 ms)
[2025-08-02 17:35:22] [build-stdout] Extracting /home/saswath/tools/codeql/javascript/tools/data/externs/web/webkit_event.js
[2025-08-02 17:35:22] [build-stdout] Done extracting /home/saswath/tools/codeql/javascript/tools/data/externs/web/webkit_event.js (1 ms)
[2025-08-02 17:35:22] [build-stdout] Extracting /home/saswath/tools/codeql/javascript/tools/data/externs/web/intl.js
[2025-08-02 17:35:22] [build-stdout] Done extracting /home/saswath/tools/codeql/javascript/tools/data/externs/web/intl.js (8 ms)
[2025-08-02 17:35:22] [build-stdout] Extracting /home/saswath/tools/codeql/javascript/tools/data/externs/web/webkit_usercontent.js
[2025-08-02 17:35:22] [build-stdout] Done extracting /home/saswath/tools/codeql/javascript/tools/data/externs/web/webkit_usercontent.js (2 ms)
[2025-08-02 17:35:22] [build-stdout] Extracting /home/saswath/tools/codeql/javascript/tools/data/externs/web/w3c_geolocation.js
[2025-08-02 17:35:22] [build-stdout] Done extracting /home/saswath/tools/codeql/javascript/tools/data/externs/web/w3c_geolocation.js (6 ms)
[2025-08-02 17:35:22] [build-stdout] Extracting /home/saswath/tools/codeql/javascript/tools/data/externs/web/gecko_event.js
[2025-08-02 17:35:22] [build-stdout] Done extracting /home/saswath/tools/codeql/javascript/tools/data/externs/web/gecko_event.js (5 ms)
[2025-08-02 17:35:22] [build-stdout] Extracting /home/saswath/tools/codeql/javascript/tools/data/externs/web/w3c_range.js
[2025-08-02 17:35:22] [build-stdout] Done extracting /home/saswath/tools/codeql/javascript/tools/data/externs/web/w3c_range.js (10 ms)
[2025-08-02 17:35:22] [build-stdout] Extracting /home/saswath/tools/codeql/javascript/tools/data/externs/web/w3c_css3d.js
[2025-08-02 17:35:22] [build-stdout] Done extracting /home/saswath/tools/codeql/javascript/tools/data/externs/web/w3c_css3d.js (7 ms)
[2025-08-02 17:35:22] [build-stdout] Extracting /home/saswath/tools/codeql/javascript/tools/data/externs/web/webgl.js
[2025-08-02 17:35:22] [build-stdout] Done extracting /home/saswath/tools/codeql/javascript/tools/data/externs/web/webgl.js (133 ms)
[2025-08-02 17:35:22] [build-stdout] Extracting /home/saswath/tools/codeql/javascript/tools/data/externs/web/w3c_css.js
[2025-08-02 17:35:22] [build-stdout] Done extracting /home/saswath/tools/codeql/javascript/tools/data/externs/web/w3c_css.js (69 ms)
[2025-08-02 17:35:22] [build-stdout] Extracting /home/saswath/tools/codeql/javascript/tools/data/externs/web/w3c_permissions.js
[2025-08-02 17:35:22] [build-stdout] Done extracting /home/saswath/tools/codeql/javascript/tools/data/externs/web/w3c_permissions.js (3 ms)
[2025-08-02 17:35:22] [build-stdout] Extracting /home/saswath/tools/codeql/javascript/tools/data/externs/web/w3c_dom3.js
[2025-08-02 17:35:22] [build-stdout] Done extracting /home/saswath/tools/codeql/javascript/tools/data/externs/web/w3c_dom3.js (25 ms)
[2025-08-02 17:35:22] [build-stdout] Extracting /home/saswath/tools/codeql/javascript/tools/data/externs/web/w3c_webcrypto.js
[2025-08-02 17:35:22] [build-stdout] Done extracting /home/saswath/tools/codeql/javascript/tools/data/externs/web/w3c_webcrypto.js (13 ms)
[2025-08-02 17:35:22] [build-stdout] Extracting /home/saswath/tools/codeql/javascript/tools/data/externs/web/mediasource.js
[2025-08-02 17:35:22] [build-stdout] Done extracting /home/saswath/tools/codeql/javascript/tools/data/externs/web/mediasource.js (6 ms)
[2025-08-02 17:35:22] [build-stdout] Extracting /home/saswath/tools/codeql/javascript/tools/data/externs/web/w3c_requestidlecallback.js
[2025-08-02 17:35:22] [build-stdout] Done extracting /home/saswath/tools/codeql/javascript/tools/data/externs/web/w3c_requestidlecallback.js (2 ms)
[2025-08-02 17:35:22] [build-stdout] Extracting /home/saswath/tools/codeql/javascript/tools/data/externs/web/w3c_batterystatus.js
[2025-08-02 17:35:22] [build-stdout] Done extracting /home/saswath/tools/codeql/javascript/tools/data/externs/web/w3c_batterystatus.js (2 ms)
[2025-08-02 17:35:22] [build-stdout] Extracting /home/saswath/tools/codeql/javascript/tools/data/externs/web/gecko_css.js
[2025-08-02 17:35:22] [build-stdout] Done extracting /home/saswath/tools/codeql/javascript/tools/data/externs/web/gecko_css.js (10 ms)
[2025-08-02 17:35:22] [build-stdout] Extracting /home/saswath/tools/codeql/javascript/tools/data/externs/web/w3c_gamepad.js
[2025-08-02 17:35:22] [build-stdout] Done extracting /home/saswath/tools/codeql/javascript/tools/data/externs/web/w3c_gamepad.js (3 ms)
[2025-08-02 17:35:22] [build-stdout] Extracting /home/saswath/tools/codeql/javascript/tools/data/externs/web/streamsapi.js
[2025-08-02 17:35:22] [build-stdout] Done extracting /home/saswath/tools/codeql/javascript/tools/data/externs/web/streamsapi.js (16 ms)
[2025-08-02 17:35:22] [build-stdout] Extracting /home/saswath/tools/codeql/javascript/tools/data/externs/web/iphone.js
[2025-08-02 17:35:22] [build-stdout] Done extracting /home/saswath/tools/codeql/javascript/tools/data/externs/web/iphone.js (5 ms)
[2025-08-02 17:35:22] [build-stdout] Extracting /home/saswath/tools/codeql/javascript/tools/data/externs/web/window.js
[2025-08-02 17:35:22] [build-stdout] Done extracting /home/saswath/tools/codeql/javascript/tools/data/externs/web/window.js (4 ms)
[2025-08-02 17:35:22] [build-stdout] Extracting /home/saswath/tools/codeql/javascript/tools/data/externs/web/ie_css.js
[2025-08-02 17:35:22] [build-stdout] Done extracting /home/saswath/tools/codeql/javascript/tools/data/externs/web/ie_css.js (9 ms)
[2025-08-02 17:35:22] [build-stdout] Extracting /home/saswath/tools/codeql/javascript/tools/data/externs/web/ie_dom.js
[2025-08-02 17:35:23] [build-stdout] Done extracting /home/saswath/tools/codeql/javascript/tools/data/externs/web/ie_dom.js (39 ms)
[2025-08-02 17:35:23] [build-stdout] Extracting /home/saswath/tools/codeql/javascript/tools/data/externs/web/chrome.js
[2025-08-02 17:35:23] [build-stdout] Done extracting /home/saswath/tools/codeql/javascript/tools/data/externs/web/chrome.js (21 ms)
[2025-08-02 17:35:23] [build-stdout] Extracting /home/saswath/tools/codeql/javascript/tools/data/externs/web/webkit_dom.js
[2025-08-02 17:35:23] [build-stdout] Done extracting /home/saswath/tools/codeql/javascript/tools/data/externs/web/webkit_dom.js (12 ms)
[2025-08-02 17:35:23] [build-stdout] Extracting /home/saswath/tools/codeql/javascript/tools/data/externs/web/w3c_indexeddb.js
[2025-08-02 17:35:23] [build-stdout] Done extracting /home/saswath/tools/codeql/javascript/tools/data/externs/web/w3c_indexeddb.js (29 ms)
[2025-08-02 17:35:23] [build-stdout] Extracting /home/saswath/tools/codeql/javascript/tools/data/externs/web/gecko_dom.js
[2025-08-02 17:35:23] [build-stdout] Done extracting /home/saswath/tools/codeql/javascript/tools/data/externs/web/gecko_dom.js (27 ms)
[2025-08-02 17:35:23] [build-stdout] Extracting /home/saswath/tools/codeql/javascript/tools/data/externs/web/w3c_event3.js
[2025-08-02 17:35:23] [build-stdout] Done extracting /home/saswath/tools/codeql/javascript/tools/data/externs/web/w3c_event3.js (3 ms)
[2025-08-02 17:35:23] [build-stdout] Extracting /home/saswath/tools/codeql/javascript/tools/data/externs/web/gecko_xml.js
[2025-08-02 17:35:23] [build-stdout] Done extracting /home/saswath/tools/codeql/javascript/tools/data/externs/web/gecko_xml.js (2 ms)
[2025-08-02 17:35:23] Plumbing command codeql database trace-command completed.
[2025-08-02 17:35:23] [PROGRESS] database create> Finalizing database at /home/saswath/unified-security-dashboard/backend/codeql-db.
[2025-08-02 17:35:23] Running plumbing command: codeql database finalize --no-db-cluster -- /home/saswath/unified-security-dashboard/backend/codeql-db
[2025-08-02 17:35:23] [PROGRESS] database finalize> Running TRAP import for CodeQL database at /home/saswath/unified-security-dashboard/backend/codeql-db...
[2025-08-02 17:35:23] Running plumbing command: codeql dataset import --dbscheme=/home/saswath/tools/codeql/javascript/semmlecode.javascript.dbscheme -- /home/saswath/unified-security-dashboard/backend/codeql-db/db-javascript /home/saswath/unified-security-dashboard/backend/codeql-db/trap/javascript
[2025-08-02 17:35:23] Clearing disk cache since the version file /home/saswath/unified-security-dashboard/backend/codeql-db/db-javascript/default/cache/version does not exist
[2025-08-02 17:35:23] Tuple pool not found. Clearing relations with cached strings
[2025-08-02 17:35:23] Trimming disk cache at /home/saswath/unified-security-dashboard/backend/codeql-db/db-javascript/default/cache in mode clear.
[2025-08-02 17:35:23] Sequence stamp origin is -6019927852686204529
[2025-08-02 17:35:23] Pausing evaluation to hard-clear memory at sequence stamp o+0
[2025-08-02 17:35:23] Unpausing evaluation
[2025-08-02 17:35:23] Pausing evaluation to quickly trim disk at sequence stamp o+1
[2025-08-02 17:35:23] Unpausing evaluation
[2025-08-02 17:35:23] Pausing evaluation to zealously trim disk at sequence stamp o+2
[2025-08-02 17:35:23] Unpausing evaluation
[2025-08-02 17:35:23] Trimming completed (5ms): Purged everything.
[2025-08-02 17:35:23] Scanning for files in /home/saswath/unified-security-dashboard/backend/codeql-db/trap/javascript
[2025-08-02 17:35:23] Found 188 TRAP files (10.41 MiB)
[2025-08-02 17:35:23] [PROGRESS] dataset import> Importing TRAP files
[2025-08-02 17:35:23] Importing es2016.js.trap.gz (1 of 188)
[2025-08-02 17:35:23] Importing es2017.js.trap.gz (2 of 188)
[2025-08-02 17:35:23] Importing es3.js.trap.gz (3 of 188)
[2025-08-02 17:35:23] Importing es5.js.trap.gz (4 of 188)
[2025-08-02 17:35:23] Importing es6.js.trap.gz (5 of 188)
[2025-08-02 17:35:23] Importing es6_collections.js.trap.gz (6 of 188)
[2025-08-02 17:35:23] Importing intl.js.trap.gz (7 of 188)
[2025-08-02 17:35:23] Importing proxy.js.trap.gz (8 of 188)
[2025-08-02 17:35:23] Importing bdd.js.trap.gz (9 of 188)
[2025-08-02 17:35:23] Importing jquery-3.2.js.trap.gz (10 of 188)
[2025-08-02 17:35:23] Importing should.js.trap.gz (11 of 188)
[2025-08-02 17:35:23] Importing vows.js.trap.gz (12 of 188)
[2025-08-02 17:35:23] Importing assert.js.trap.gz (13 of 188)
[2025-08-02 17:35:23] Importing assert_legacy.js.trap.gz (14 of 188)
[2025-08-02 17:35:23] Importing buffer.js.trap.gz (15 of 188)
[2025-08-02 17:35:23] Importing child_process.js.trap.gz (16 of 188)
[2025-08-02 17:35:23] Importing cluster.js.trap.gz (17 of 188)
[2025-08-02 17:35:24] Importing console.js.trap.gz (18 of 188)
[2025-08-02 17:35:24] Importing constants.js.trap.gz (19 of 188)
[2025-08-02 17:35:24] Importing crypto.js.trap.gz (20 of 188)
[2025-08-02 17:35:24] Importing dgram.js.trap.gz (21 of 188)
[2025-08-02 17:35:24] Importing dns.js.trap.gz (22 of 188)
[2025-08-02 17:35:24] Importing domain.js.trap.gz (23 of 188)
[2025-08-02 17:35:24] Importing events.js.trap.gz (24 of 188)
[2025-08-02 17:35:24] Importing fs.js.trap.gz (25 of 188)
[2025-08-02 17:35:24] Importing globals.js.trap.gz (26 of 188)
[2025-08-02 17:35:24] Importing http.js.trap.gz (27 of 188)
[2025-08-02 17:35:24] Importing https.js.trap.gz (28 of 188)
[2025-08-02 17:35:24] Importing module.js.trap.gz (29 of 188)
[2025-08-02 17:35:24] Importing net.js.trap.gz (30 of 188)
[2025-08-02 17:35:24] Importing os.js.trap.gz (31 of 188)
[2025-08-02 17:35:24] Importing path.js.trap.gz (32 of 188)
[2025-08-02 17:35:24] Importing process.js.trap.gz (33 of 188)
[2025-08-02 17:35:24] Importing punycode.js.trap.gz (34 of 188)
[2025-08-02 17:35:24] Importing querystring.js.trap.gz (35 of 188)
[2025-08-02 17:35:24] Importing readline.js.trap.gz (36 of 188)
[2025-08-02 17:35:24] Importing repl.js.trap.gz (37 of 188)
[2025-08-02 17:35:24] Importing stream.js.trap.gz (38 of 188)
[2025-08-02 17:35:24] Importing string_decoder.js.trap.gz (39 of 188)
[2025-08-02 17:35:24] Importing sys.js.trap.gz (40 of 188)
[2025-08-02 17:35:24] Importing timers.js.trap.gz (41 of 188)
[2025-08-02 17:35:24] Importing tls.js.trap.gz (42 of 188)
[2025-08-02 17:35:24] Importing tty.js.trap.gz (43 of 188)
[2025-08-02 17:35:24] Importing url.js.trap.gz (44 of 188)
[2025-08-02 17:35:24] Importing util.js.trap.gz (45 of 188)
[2025-08-02 17:35:24] Importing v8.js.trap.gz (46 of 188)
[2025-08-02 17:35:24] Importing vm.js.trap.gz (47 of 188)
[2025-08-02 17:35:24] Importing zlib.js.trap.gz (48 of 188)
[2025-08-02 17:35:24] Importing jsshell.js.trap.gz (49 of 188)
[2025-08-02 17:35:24] Importing rhino.js.trap.gz (50 of 188)
[2025-08-02 17:35:24] Importing spidermonkey.js.trap.gz (51 of 188)
[2025-08-02 17:35:24] Importing v8.js.trap.gz (52 of 188)
[2025-08-02 17:35:24] Importing chrome.js.trap.gz (53 of 188)
[2025-08-02 17:35:24] Importing fetchapi.js.trap.gz (54 of 188)
[2025-08-02 17:35:24] Importing fileapi.js.trap.gz (55 of 188)
[2025-08-02 17:35:24] Importing flash.js.trap.gz (56 of 188)
[2025-08-02 17:35:24] Importing gecko_css.js.trap.gz (57 of 188)
[2025-08-02 17:35:24] Importing gecko_dom.js.trap.gz (58 of 188)
[2025-08-02 17:35:24] Importing gecko_event.js.trap.gz (59 of 188)
[2025-08-02 17:35:24] Importing gecko_ext.js.trap.gz (60 of 188)
[2025-08-02 17:35:24] Importing gecko_xml.js.trap.gz (61 of 188)
[2025-08-02 17:35:24] Importing html5.js.trap.gz (62 of 188)
[2025-08-02 17:35:24] Importing ie_css.js.trap.gz (63 of 188)
[2025-08-02 17:35:24] Importing ie_dom.js.trap.gz (64 of 188)
[2025-08-02 17:35:24] Importing ie_event.js.trap.gz (65 of 188)
[2025-08-02 17:35:24] Importing ie_vml.js.trap.gz (66 of 188)
[2025-08-02 17:35:24] Importing intl.js.trap.gz (67 of 188)
[2025-08-02 17:35:24] Importing iphone.js.trap.gz (68 of 188)
[2025-08-02 17:35:24] Importing mediasource.js.trap.gz (69 of 188)
[2025-08-02 17:35:24] Importing page_visibility.js.trap.gz (70 of 188)
[2025-08-02 17:35:24] Importing streamsapi.js.trap.gz (71 of 188)
[2025-08-02 17:35:24] Importing url.js.trap.gz (72 of 188)
[2025-08-02 17:35:24] Importing w3c_anim_timing.js.trap.gz (73 of 188)
[2025-08-02 17:35:24] Importing w3c_batterystatus.js.trap.gz (74 of 188)
[2025-08-02 17:35:24] Importing w3c_css.js.trap.gz (75 of 188)
[2025-08-02 17:35:24] Importing w3c_css3d.js.trap.gz (76 of 188)
[2025-08-02 17:35:24] Importing w3c_device_sensor_event.js.trap.gz (77 of 188)
[2025-08-02 17:35:24] Importing w3c_dom1.js.trap.gz (78 of 188)
[2025-08-02 17:35:24] Importing w3c_dom2.js.trap.gz (79 of 188)
[2025-08-02 17:35:24] Importing w3c_dom3.js.trap.gz (80 of 188)
[2025-08-02 17:35:24] Importing w3c_dom4.js.trap.gz (81 of 188)
[2025-08-02 17:35:24] Importing w3c_elementtraversal.js.trap.gz (82 of 188)
[2025-08-02 17:35:24] Importing w3c_encoding.js.trap.gz (83 of 188)
[2025-08-02 17:35:24] Importing w3c_event.js.trap.gz (84 of 188)
[2025-08-02 17:35:24] Importing w3c_event3.js.trap.gz (85 of 188)
[2025-08-02 17:35:24] Importing w3c_gamepad.js.trap.gz (86 of 188)
[2025-08-02 17:35:24] Importing w3c_geolocation.js.trap.gz (87 of 188)
[2025-08-02 17:35:24] Importing w3c_indexeddb.js.trap.gz (88 of 188)
[2025-08-02 17:35:24] Importing w3c_midi.js.trap.gz (89 of 188)
[2025-08-02 17:35:24] Importing w3c_navigation_timing.js.trap.gz (90 of 188)
[2025-08-02 17:35:24] Importing w3c_permissions.js.trap.gz (91 of 188)
[2025-08-02 17:35:24] Importing w3c_pointer_events.js.trap.gz (92 of 188)
[2025-08-02 17:35:24] Importing w3c_range.js.trap.gz (93 of 188)
[2025-08-02 17:35:24] Importing w3c_requestidlecallback.js.trap.gz (94 of 188)
[2025-08-02 17:35:24] Importing w3c_rtc.js.trap.gz (95 of 188)
[2025-08-02 17:35:24] Importing w3c_screen_orientation.js.trap.gz (96 of 188)
[2025-08-02 17:35:24] Importing w3c_selectors.js.trap.gz (97 of 188)
[2025-08-02 17:35:24] Importing w3c_serviceworker.js.trap.gz (98 of 188)
[2025-08-02 17:35:24] Importing w3c_touch_event.js.trap.gz (99 of 188)
[2025-08-02 17:35:24] Importing w3c_webcrypto.js.trap.gz (100 of 188)
[2025-08-02 17:35:24] Importing w3c_xml.js.trap.gz (101 of 188)
[2025-08-02 17:35:24] Importing webgl.js.trap.gz (102 of 188)
[2025-08-02 17:35:25] Importing webkit_css.js.trap.gz (103 of 188)
[2025-08-02 17:35:25] Importing webkit_dom.js.trap.gz (104 of 188)
[2025-08-02 17:35:25] Importing webkit_event.js.trap.gz (105 of 188)
[2025-08-02 17:35:25] Importing webkit_notifications.js.trap.gz (106 of 188)
[2025-08-02 17:35:25] Importing webkit_usercontent.js.trap.gz (107 of 188)
[2025-08-02 17:35:25] Importing webstorage.js.trap.gz (108 of 188)
[2025-08-02 17:35:25] Importing whatwg_encoding.js.trap.gz (109 of 188)
[2025-08-02 17:35:25] Importing window.js.trap.gz (110 of 188)
[2025-08-02 17:35:25] Importing metadata.trap.gz (111 of 188)
[2025-08-02 17:35:25] Importing e2e-test.yml.trap.gz (112 of 188)
[2025-08-02 17:35:25] Importing lint.yml.trap.gz (113 of 188)
[2025-08-02 17:35:25] Importing .travis.yml.trap.gz (114 of 188)
[2025-08-02 17:35:25] Importing Gruntfile.js.trap.gz (115 of 188)
[2025-08-02 17:35:25] Importing chart-data-morris.js.trap.gz (116 of 188)
[2025-08-02 17:35:25] Importing redirects-steps.js.trap.gz (117 of 188)
[2025-08-02 17:35:25] Importing bootstrap-tour.js.trap.gz (118 of 188)
[2025-08-02 17:35:25] Importing bootstrap.js.trap.gz (119 of 188)
[2025-08-02 17:35:25] Importing html5shiv.js.trap.gz (120 of 188)
[2025-08-02 17:35:25] Importing allocations-dao.js.trap.gz (121 of 188)
[2025-08-02 17:35:25] Importing benefits-dao.js.trap.gz (122 of 188)
[2025-08-02 17:35:25] Importing contributions-dao.js.trap.gz (123 of 188)
[2025-08-02 17:35:25] Importing memos-dao.js.trap.gz (124 of 188)
[2025-08-02 17:35:25] Importing profile-dao.js.trap.gz (125 of 188)
[2025-08-02 17:35:25] Importing research-dao.js.trap.gz (126 of 188)
[2025-08-02 17:35:25] Importing user-dao.js.trap.gz (127 of 188)
[2025-08-02 17:35:25] Importing allocations.js.trap.gz (128 of 188)
[2025-08-02 17:35:25] Importing benefits.js.trap.gz (129 of 188)
[2025-08-02 17:35:25] Importing contributions.js.trap.gz (130 of 188)
[2025-08-02 17:35:25] Importing error.js.trap.gz (131 of 188)
[2025-08-02 17:35:25] Importing index.js.trap.gz (132 of 188)
[2025-08-02 17:35:25] Importing memos.js.trap.gz (133 of 188)
[2025-08-02 17:35:25] Importing profile.js.trap.gz (134 of 188)
[2025-08-02 17:35:25] Importing research.js.trap.gz (135 of 188)
[2025-08-02 17:35:25] Importing session.js.trap.gz (136 of 188)
[2025-08-02 17:35:25] Importing tutorial.js.trap.gz (137 of 188)
[2025-08-02 17:35:25] Importing allocations.html.trap.gz (138 of 188)
[2025-08-02 17:35:25] Importing benefits.html.trap.gz (139 of 188)
[2025-08-02 17:35:25] Importing contributions.html.trap.gz (140 of 188)
[2025-08-02 17:35:25] Importing dashboard.html.trap.gz (141 of 188)
[2025-08-02 17:35:25] Importing error-template.html.trap.gz (142 of 188)
[2025-08-02 17:35:25] Importing layout.html.trap.gz (143 of 188)
[2025-08-02 17:35:25] Importing login.html.trap.gz (144 of 188)
[2025-08-02 17:35:25] Importing memos.html.trap.gz (145 of 188)
[2025-08-02 17:35:25] Importing profile.html.trap.gz (146 of 188)
[2025-08-02 17:35:25] Importing research.html.trap.gz (147 of 188)
[2025-08-02 17:35:25] Importing signup.html.trap.gz (148 of 188)
[2025-08-02 17:35:25] Importing a1.html.trap.gz (149 of 188)
[2025-08-02 17:35:25] Importing a10.html.trap.gz (150 of 188)
[2025-08-02 17:35:25] Importing a2.html.trap.gz (151 of 188)
[2025-08-02 17:35:25] Importing a3.html.trap.gz (152 of 188)
[2025-08-02 17:35:25] Importing a4.html.trap.gz (153 of 188)
[2025-08-02 17:35:25] Importing a5.html.trap.gz (154 of 188)
[2025-08-02 17:35:25] Importing a6.html.trap.gz (155 of 188)
[2025-08-02 17:35:25] Importing a7.html.trap.gz (156 of 188)
[2025-08-02 17:35:25] Importing a8.html.trap.gz (157 of 188)
[2025-08-02 17:35:25] Importing a9.html.trap.gz (158 of 188)
[2025-08-02 17:35:25] Importing layout.html.trap.gz (159 of 188)
[2025-08-02 17:35:25] Importing redos.html.trap.gz (160 of 188)
[2025-08-02 17:35:25] Importing ssrf.html.trap.gz (161 of 188)
[2025-08-02 17:35:25] Importing db-reset.js.trap.gz (162 of 188)
[2025-08-02 17:35:25] Importing config.js.trap.gz (163 of 188)
[2025-08-02 17:35:25] Importing all.js.trap.gz (164 of 188)
[2025-08-02 17:35:25] Importing development.js.trap.gz (165 of 188)
[2025-08-02 17:35:25] Importing production.js.trap.gz (166 of 188)
[2025-08-02 17:35:25] Importing test.js.trap.gz (167 of 188)
[2025-08-02 17:35:25] Importing docker-compose.yml.trap.gz (168 of 188)
[2025-08-02 17:35:25] Importing package.json.trap.gz (169 of 188)
[2025-08-02 17:35:25] Importing server.js.trap.gz (170 of 188)
[2025-08-02 17:35:25] Importing allocations_spec.js.trap.gz (171 of 188)
[2025-08-02 17:35:25] Importing benefits_spec.js.trap.gz (172 of 188)
[2025-08-02 17:35:25] Importing contributions_spec.js.trap.gz (173 of 188)
[2025-08-02 17:35:25] Importing dashboard_spec.js.trap.gz (174 of 188)
[2025-08-02 17:35:25] Importing general_spec.js.trap.gz (175 of 188)
[2025-08-02 17:35:25] Importing learn_spec.js.trap.gz (176 of 188)
[2025-08-02 17:35:25] Importing login_spec.js.trap.gz (177 of 188)
[2025-08-02 17:35:25] Importing logout_spec.js.trap.gz (178 of 188)
[2025-08-02 17:35:25] Importing memos_spec.js.trap.gz (179 of 188)
[2025-08-02 17:35:25] Importing profile_spec.js.trap.gz (180 of 188)
[2025-08-02 17:35:25] Importing research_spec.js.trap.gz (181 of 188)
[2025-08-02 17:35:25] Importing signup_spec.js.trap.gz (182 of 188)
[2025-08-02 17:35:25] Importing tutorial_spec.js.trap.gz (183 of 188)
[2025-08-02 17:35:25] Importing index.js.trap.gz (184 of 188)
[2025-08-02 17:35:25] Importing commands.js.trap.gz (185 of 188)
[2025-08-02 17:35:25] Importing index.js.trap.gz (186 of 188)
[2025-08-02 17:35:25] Importing tsconfig.json.trap.gz (187 of 188)
[2025-08-02 17:35:25] Importing profile-test.js.trap.gz (188 of 188)
[2025-08-02 17:35:25] [PROGRESS] dataset import> Merging relations
[2025-08-02 17:35:25] Merging 1 fragment for 'files'.
[2025-08-02 17:35:25] Merged 643 bytes for 'files'.
[2025-08-02 17:35:25] Merging 1 fragment for 'folders'.
[2025-08-02 17:35:25] Merged 138 bytes for 'folders'.
[2025-08-02 17:35:25] Merging 1 fragment for 'containerparent'.
[2025-08-02 17:35:25] Merged 570 bytes for 'containerparent'.
[2025-08-02 17:35:25] Merging 3 fragments for 'locations_default'.
[2025-08-02 17:35:25] Merged 1000190 bytes (976.75 KiB) for 'locations_default'.
[2025-08-02 17:35:25] Merging 3 fragments for 'hasLocation'.
[2025-08-02 17:35:25] Merged 647052 bytes (631.89 KiB) for 'hasLocation'.
[2025-08-02 17:35:25] Merging 1 fragment for 'extraction_data'.
[2025-08-02 17:35:25] Merged 809 bytes for 'extraction_data'.
[2025-08-02 17:35:25] Merging 1 fragment for 'scopes'.
[2025-08-02 17:35:25] Merged 5100 bytes (4.98 KiB) for 'scopes'.
[2025-08-02 17:35:25] Merging 1 fragment for 'comments'.
[2025-08-02 17:35:25] Merged 38345 bytes (37.45 KiB) for 'comments'.
[2025-08-02 17:35:25] Merging 1 fragment for 'indentation'.
[2025-08-02 17:35:25] Merged 32774 bytes (32.01 KiB) for 'indentation'.
[2025-08-02 17:35:25] Merging 1 fragment for 'numlines'.
[2025-08-02 17:35:25] Merged 2355 bytes (2.30 KiB) for 'numlines'.
[2025-08-02 17:35:25] Merging 2 fragments for 'tokeninfo'.
[2025-08-02 17:35:25] Merged 593699 bytes (579.78 KiB) for 'tokeninfo'.
[2025-08-02 17:35:25] Merging 1 fragment for 'next_token'.
[2025-08-02 17:35:25] Merged 20929 bytes (20.44 KiB) for 'next_token'.
[2025-08-02 17:35:25] Merging 1 fragment for 'jsdoc'.
[2025-08-02 17:35:25] Merged 20253 bytes (19.78 KiB) for 'jsdoc'.
[2025-08-02 17:35:25] Merging 1 fragment for 'jsdoc_tags'.
[2025-08-02 17:35:25] Merged 95396 bytes (93.16 KiB) for 'jsdoc_tags'.
[2025-08-02 17:35:25] Merging 1 fragment for 'jsdoc_tag_descriptions'.
[2025-08-02 17:35:25] Merged 7318 bytes (7.15 KiB) for 'jsdoc_tag_descriptions'.
[2025-08-02 17:35:25] Merging 1 fragment for 'jsdoc_tag_names'.
[2025-08-02 17:35:25] Merged 14299 bytes (13.96 KiB) for 'jsdoc_tag_names'.
[2025-08-02 17:35:25] Merging 1 fragment for 'jsdoc_type_exprs'.
[2025-08-02 17:35:25] Merged 125568 bytes (122.62 KiB) for 'jsdoc_type_exprs'.
[2025-08-02 17:35:25] Merging 1 fragment for 'toplevels'.
[2025-08-02 17:35:25] Merged 392 bytes for 'toplevels'.
[2025-08-02 17:35:25] Merging 1 fragment for 'stmts'.
[2025-08-02 17:35:25] Merged 118324 bytes (115.55 KiB) for 'stmts'.
[2025-08-02 17:35:25] Merging 1 fragment for 'stmt_containers'.
[2025-08-02 17:35:25] Merged 52059 bytes (50.84 KiB) for 'stmt_containers'.
[2025-08-02 17:35:25] Merging 1 fragment for 'exprs'.
[2025-08-02 17:35:25] Merged 545065 bytes (532.29 KiB) for 'exprs'.
[2025-08-02 17:35:25] Merging 1 fragment for 'enclosing_stmt'.
[2025-08-02 17:35:25] Merged 108435 bytes (105.89 KiB) for 'enclosing_stmt'.
[2025-08-02 17:35:25] Merging 1 fragment for 'expr_containers'.
[2025-08-02 17:35:25] Merged 115093 bytes (112.40 KiB) for 'expr_containers'.
[2025-08-02 17:35:25] Merging 1 fragment for 'literals'.
[2025-08-02 17:35:25] Merged 92017 bytes (89.86 KiB) for 'literals'.
[2025-08-02 17:35:25] Merging 1 fragment for 'variables'.
[2025-08-02 17:35:25] Merged 46060 bytes (44.98 KiB) for 'variables'.
[2025-08-02 17:35:25] Merging 1 fragment for 'bind'.
[2025-08-02 17:35:25] Merged 23496 bytes (22.95 KiB) for 'bind'.
[2025-08-02 17:35:25] Merging 1 fragment for 'scopenodes'.
[2025-08-02 17:35:25] Merged 9892 bytes (9.66 KiB) for 'scopenodes'.
[2025-08-02 17:35:25] Merging 1 fragment for 'scopenesting'.
[2025-08-02 17:35:25] Merged 6044 bytes (5.90 KiB) for 'scopenesting'.
[2025-08-02 17:35:25] Merging 1 fragment for 'decl'.
[2025-08-02 17:35:25] Merged 15516 bytes (15.15 KiB) for 'decl'.
[2025-08-02 17:35:25] Merging 1 fragment for 'is_arguments_object'.
[2025-08-02 17:35:25] Merged 4328 bytes (4.23 KiB) for 'is_arguments_object'.
[2025-08-02 17:35:25] Merging 1 fragment for 'entry_cfg_node'.
[2025-08-02 17:35:25] Merged 10582 bytes (10.33 KiB) for 'entry_cfg_node'.
[2025-08-02 17:35:25] Merging 1 fragment for 'exit_cfg_node'.
[2025-08-02 17:35:25] Merged 10582 bytes (10.33 KiB) for 'exit_cfg_node'.
[2025-08-02 17:35:25] Merging 2 fragments for 'successor'.
[2025-08-02 17:35:25] Merged 219196 bytes (214.06 KiB) for 'successor'.
[2025-08-02 17:35:25] Merging 1 fragment for 'is_externs'.
[2025-08-02 17:35:25] Merged 222 bytes for 'is_externs'.
[2025-08-02 17:35:25] Merging 1 fragment for 'filetype'.
[2025-08-02 17:35:25] Merged 395 bytes for 'filetype'.
[2025-08-02 17:35:25] Merging 1 fragment for 'extraction_time'.
[2025-08-02 17:35:25] Merged 21123 bytes (20.63 KiB) for 'extraction_time'.
[2025-08-02 17:35:25] Merging 1 fragment for 'jsdoc_prefix_qualifier'.
[2025-08-02 17:35:25] Merged 1894 bytes (1.85 KiB) for 'jsdoc_prefix_qualifier'.
[2025-08-02 17:35:25] Merging 1 fragment for 'jsdoc_errors'.
[2025-08-02 17:35:25] Merged 1139 bytes (1.11 KiB) for 'jsdoc_errors'.
[2025-08-02 17:35:25] Merging 1 fragment for 'jsdoc_record_field_name'.
[2025-08-02 17:35:25] Merged 1596 bytes (1.56 KiB) for 'jsdoc_record_field_name'.
[2025-08-02 17:35:25] Merging 1 fragment for 'jsdoc_has_new_parameter'.
[2025-08-02 17:35:25] Merged 35 bytes for 'jsdoc_has_new_parameter'.
[2025-08-02 17:35:25] Merging 1 fragment for 'properties'.
[2025-08-02 17:35:25] Merged 2612 bytes (2.55 KiB) for 'properties'.
[2025-08-02 17:35:25] Merging 1 fragment for 'regexpterm'.
[2025-08-02 17:35:25] Merged 17220 bytes (16.82 KiB) for 'regexpterm'.
[2025-08-02 17:35:25] Merging 1 fragment for 'regexp_const_value'.
[2025-08-02 17:35:25] Merged 7306 bytes (7.13 KiB) for 'regexp_const_value'.
[2025-08-02 17:35:25] Merging 1 fragment for 'guard_node'.
[2025-08-02 17:35:25] Merged 4061 bytes (3.97 KiB) for 'guard_node'.
[2025-08-02 17:35:25] Merging 1 fragment for 'is_module'.
[2025-08-02 17:35:25] Merged 197 bytes for 'is_module'.
[2025-08-02 17:35:25] Merging 1 fragment for 'is_nodejs'.
[2025-08-02 17:35:25] Merged 139 bytes for 'is_nodejs'.
[2025-08-02 17:35:25] Merging 1 fragment for 'sourceLocationPrefix'.
[2025-08-02 17:35:25] Merged 19 bytes for 'sourceLocationPrefix'.
[2025-08-02 17:35:25] Merging 1 fragment for 'yaml_scalars'.
[2025-08-02 17:35:25] Merged 612 bytes for 'yaml_scalars'.
[2025-08-02 17:35:25] Merging 1 fragment for 'yaml'.
[2025-08-02 17:35:25] Merged 1493 bytes (1.46 KiB) for 'yaml'.
[2025-08-02 17:35:25] Merging 1 fragment for 'yaml_locations'.
[2025-08-02 17:35:25] Merged 462 bytes for 'yaml_locations'.
[2025-08-02 17:35:25] Merging 1 fragment for 'array_size'.
[2025-08-02 17:35:25] Merged 139 bytes for 'array_size'.
[2025-08-02 17:35:25] Merging 1 fragment for 'is_greedy'.
[2025-08-02 17:35:25] Merged 67 bytes for 'is_greedy'.
[2025-08-02 17:35:25] Merging 1 fragment for 'is_capture'.
[2025-08-02 17:35:25] Merged 42 bytes for 'is_capture'.
[2025-08-02 17:35:25] Merging 1 fragment for 'xmlElements'.
[2025-08-02 17:35:25] Merged 7641 bytes (7.46 KiB) for 'xmlElements'.
[2025-08-02 17:35:25] Merging 1 fragment for 'xmllocations'.
[2025-08-02 17:35:25] Merged 5439 bytes (5.31 KiB) for 'xmllocations'.
[2025-08-02 17:35:25] Merging 1 fragment for 'xmlAttrs'.
[2025-08-02 17:35:25] Merged 6874 bytes (6.71 KiB) for 'xmlAttrs'.
[2025-08-02 17:35:25] Merging 1 fragment for 'xml_element_parent_expression'.
[2025-08-02 17:35:25] Merged 53 bytes for 'xml_element_parent_expression'.
[2025-08-02 17:35:25] Merging 1 fragment for 'jump_targets'.
[2025-08-02 17:35:25] Merged 36 bytes for 'jump_targets'.
[2025-08-02 17:35:25] Merging 1 fragment for 'is_inverted'.
[2025-08-02 17:35:25] Merged 33 bytes for 'is_inverted'.
[2025-08-02 17:35:25] Merging 1 fragment for 'char_class_escape'.
[2025-08-02 17:35:25] Merged 66 bytes for 'char_class_escape'.
[2025-08-02 17:35:25] Merging 1 fragment for 'range_quantifier_lower_bound'.
[2025-08-02 17:35:25] Merged 35 bytes for 'range_quantifier_lower_bound'.
[2025-08-02 17:35:25] Merging 1 fragment for 'range_quantifier_upper_bound'.
[2025-08-02 17:35:25] Merged 39 bytes for 'range_quantifier_upper_bound'.
[2025-08-02 17:35:25] Merging 1 fragment for 'template_placeholder_tag_info'.
[2025-08-02 17:35:25] Merged 697 bytes for 'template_placeholder_tag_info'.
[2025-08-02 17:35:25] Merging 1 fragment for 'toplevel_parent_xml_node'.
[2025-08-02 17:35:25] Merged 154 bytes for 'toplevel_parent_xml_node'.
[2025-08-02 17:35:25] Merging 1 fragment for 'xmlComments'.
[2025-08-02 17:35:25] Merged 443 bytes for 'xmlComments'.
[2025-08-02 17:35:25] Merging 1 fragment for 'js_parse_errors'.
[2025-08-02 17:35:25] Merged 62 bytes for 'js_parse_errors'.
[2025-08-02 17:35:25] Merging 1 fragment for 'json'.
[2025-08-02 17:35:25] Merged 344 bytes for 'json'.
[2025-08-02 17:35:25] Merging 1 fragment for 'json_locations'.
[2025-08-02 17:35:25] Merged 168 bytes for 'json_locations'.
[2025-08-02 17:35:25] Merging 1 fragment for 'json_literals'.
[2025-08-02 17:35:25] Merged 244 bytes for 'json_literals'.
[2025-08-02 17:35:25] Merging 1 fragment for 'json_properties'.
[2025-08-02 17:35:25] Merged 229 bytes for 'json_properties'.
[2025-08-02 17:35:25] Saving string and id pools to disk.
[2025-08-02 17:35:25] Finished importing TRAP files.
[2025-08-02 17:35:25] Read 54.50 MiB of uncompressed TRAP data.
[2025-08-02 17:35:25] Uncompressed relation data size: 16.89 MiB
[2025-08-02 17:35:25] Relation data size: 3.88 MiB (merge rate: 12.99 MiB/s)
[2025-08-02 17:35:25] String pool size: 4.78 MiB
[2025-08-02 17:35:25] ID pool size: 13.00 MiB
[2025-08-02 17:35:25] [PROGRESS] dataset import> Finished writing database (relations: 3.88 MiB; string pool: 4.78 MiB).
[2025-08-02 17:35:25] Pausing evaluation to close the cache at sequence stamp o+155
[2025-08-02 17:35:25] The disk cache is freshly trimmed; leave it be.
[2025-08-02 17:35:25] Unpausing evaluation
[2025-08-02 17:35:25] Plumbing command codeql dataset import completed.
[2025-08-02 17:35:25] [PROGRESS] database finalize> TRAP import complete (2.6s).
[2025-08-02 17:35:25] Running plumbing command: codeql database cleanup -- /home/saswath/unified-security-dashboard/backend/codeql-db
[2025-08-02 17:35:25] [PROGRESS] database cleanup> Cleaning up existing TRAP files after import...
[2025-08-02 17:35:25] [PROGRESS] database cleanup> TRAP files cleaned up (8ms).
[2025-08-02 17:35:25] [PROGRESS] database cleanup> Cleaning up scratch directory...
[2025-08-02 17:35:25] [PROGRESS] database cleanup> Scratch directory cleaned up (0ms).
[2025-08-02 17:35:25] Running plumbing command: codeql dataset cleanup -- /home/saswath/unified-security-dashboard/backend/codeql-db/db-javascript
[2025-08-02 17:35:25] [PROGRESS] dataset cleanup> Cleaning up dataset in /home/saswath/unified-security-dashboard/backend/codeql-db/db-javascript.
[2025-08-02 17:35:25] Trimming disk cache at /home/saswath/unified-security-dashboard/backend/codeql-db/db-javascript/default/cache in mode trim.
[2025-08-02 17:35:25] Sequence stamp origin is -6019927841457444655
[2025-08-02 17:35:25] Pausing evaluation to quickly trim memory at sequence stamp o+0
[2025-08-02 17:35:25] Unpausing evaluation
[2025-08-02 17:35:25] Pausing evaluation to zealously trim disk at sequence stamp o+1
[2025-08-02 17:35:25] Unpausing evaluation
[2025-08-02 17:35:25] Trimming completed (2ms): Trimmed disposable data from cache.
[2025-08-02 17:35:25] Pausing evaluation to close the cache at sequence stamp o+2
[2025-08-02 17:35:25] The disk cache is freshly trimmed; leave it be.
[2025-08-02 17:35:25] Unpausing evaluation
[2025-08-02 17:35:25] [PROGRESS] dataset cleanup> Trimmed disposable data from cache.
[2025-08-02 17:35:25] [PROGRESS] dataset cleanup> Finalizing dataset in /home/saswath/unified-security-dashboard/backend/codeql-db/db-javascript
[2025-08-02 17:35:25] [DETAILS] dataset cleanup> Finished deleting ID pool from /home/saswath/unified-security-dashboard/backend/codeql-db/db-javascript (4ms).
[2025-08-02 17:35:25] Plumbing command codeql dataset cleanup completed.
[2025-08-02 17:35:25] Plumbing command codeql database cleanup completed with status 0.
[2025-08-02 17:35:25] [PROGRESS] database finalize> Finished zipping source archive (341.04 KiB).
[2025-08-02 17:35:25] Plumbing command codeql database finalize completed.
[2025-08-02 17:35:25] [PROGRESS] database create> Successfully created database at /home/saswath/unified-security-dashboard/backend/codeql-db.
[2025-08-02 17:35:25] Terminating normally.
