[2025-08-02 17:16:33] This is codeql execute queries -J-Xmx1800M --off-heap-ram=1338 --verbosity=progress --logdir=/home/saswath/unified-security-dashboard/backend/codeql-db/log --evaluator-log-level=5 --warnings=show --qlconfig-file=/home/saswath/unified-security-dashboard/backend/qlconfig.yml --dynamic-join-order-mode=none --no-rerun --interpret-passthrough=null,--format=sarifv2,-o=/home/saswath/unified-security-dashboard/backend/results/codeql.sarif,--max-paths=4,--csv-location-format=line-column,--print-diagnostics-summary,--print-metrics-summary,--qlconfig-file=/home/saswath/unified-security-dashboard/backend/qlconfig.yml,--,/home/saswath/unified-security-dashboard/backend/codeql-db,codeql/javascript-queries --output=/home/saswath/unified-security-dashboard/backend/codeql-db/results -- /home/saswath/unified-security-dashboard/backend/codeql-db/db-javascript codeql/javascript-queries
[2025-08-02 17:16:33] Calling plumbing command: codeql resolve queries --qlconfig-file=/home/saswath/unified-security-dashboard/backend/qlconfig.yml --format=json -- codeql/javascript-queries
[2025-08-02 17:16:34] Exception caught at top level: Query pack codeql/javascript-queries cannot be found. Check the spelling of the pack.
                      com.semmle.cli2.resolve.ResolveQueriesCommand.resolveQuerySpecifier(ResolveQueriesCommand.java:298)
                      com.semmle.cli2.resolve.ResolveQueriesCommand.executeJSON(ResolveQueriesCommand.java:211)
                      com.semmle.cli2.resolve.ResolveQueriesCommand.executeJSON(ResolveQueriesCommand.java:68)
                      com.semmle.cli2.picocli.SimpleJsonSubcommand.executeInsistingOnJSONWithExistingMessages(SimpleJsonSubcommand.java:121)
                      com.semmle.cli2.picocli.SubcommandCommon.withCompilationMessages(SubcommandCommon.java:444)
                      com.semmle.cli2.picocli.SimpleJsonSubcommand.executeInsistingOnJSON(SimpleJsonSubcommand.java:110)
                      com.semmle.cli2.picocli.PlumbingRunner.call(PlumbingRunner.java:61)
                      com.semmle.cli2.picocli.SubcommandCommon.callPlumbingInProcess(SubcommandCommon.java:170)
                      com.semmle.cli2.execute.ExecuteQueriesCommand.executeSubcommand(ExecuteQueriesCommand.java:424)
                      com.semmle.cli2.picocli.SubcommandCommon.lambda$executeSubcommandWithMessages$5(SubcommandCommon.java:892)
                      com.semmle.cli2.picocli.SubcommandCommon.withCompilationMessages(SubcommandCommon.java:444)
                      com.semmle.cli2.picocli.SubcommandCommon.executeSubcommandWithMessages(SubcommandCommon.java:890)
                      com.semmle.cli2.picocli.SubcommandCommon.toplevelMain(SubcommandCommon.java:777)
                      com.semmle.cli2.picocli.SubcommandCommon.call(SubcommandCommon.java:757)
                      com.semmle.cli2.picocli.SubcommandMaker.runMain(SubcommandMaker.java:238)
                      com.semmle.cli2.picocli.SubcommandMaker.runMain(SubcommandMaker.java:259)
                      com.semmle.cli2.CodeQL.main(CodeQL.java:113)
